This is pdfTeX, Version 3.14159265-2.6-1.40.17 (TeX Live 2016) (preloaded format=pdflatex 2016.5.22)  26 JUN 2016 21:35
entering extended mode
 \write18 enabled.
 file:line:error style messages enabled.
 %&-line parsing enabled.
**main.tex
(./main.tex
LaTeX2e <2016/03/31>
Babel <3.9r> and hyphenation patterns for 83 language(s) loaded.
\@input{packages.aux}
\openout2 = `packages.aux'.

(./packages.tex (/usr/local/texlive/2016/texmf-dist/tex/latex/base/article.cls
Document Class: article 2014/09/29 v1.4h Standard LaTeX document class
(/usr/local/texlive/2016/texmf-dist/tex/latex/base/size10.clo
File: size10.clo 2014/09/29 v1.4h Standard LaTeX file (size option)
)
\c@part=\count79
\c@section=\count80
\c@subsection=\count81
\c@subsubsection=\count82
\c@paragraph=\count83
\c@subparagraph=\count84
\c@figure=\count85
\c@table=\count86
\abovecaptionskip=\skip41
\belowcaptionskip=\skip42
\bibindent=\dimen102
)
(/usr/local/texlive/2016/texmf-dist/tex/latex/etex-pkg/etex.sty
Package: etex 2016/01/11 v2.6 eTeX basic definition package (PEB,DPC)
\et@xins=\count87
)
(/usr/local/texlive/2016/texmf-dist/tex/generic/babel/babel.sty
Package: babel 2016/04/23 3.9r The Babel package

(/usr/local/texlive/2016/texmf-dist/tex/generic/babel-spanish/spanish.ldf
Language: spanish.ldf 2016/03/03 v5.0p Spanish support from the babel system

(/usr/local/texlive/2016/texmf-dist/tex/generic/babel/babel.def
File: babel.def 2016/04/23 3.9r Babel common definitions
\babel@savecnt=\count88
\U@D=\dimen103
)
\es@quottoks=\toks14
\es@quotdepth=\count89
Package babel Info: Making " an active character on input line 561.
Package babel Info: Making . an active character on input line 662.
Package babel Info: Making < an active character on input line 707.
Package babel Info: Making > an active character on input line 707.
))
(/usr/local/texlive/2016/texmf-dist/tex/latex/base/inputenc.sty
Package: inputenc 2015/03/17 v1.2c Input encoding file
\inpenc@prehook=\toks15
\inpenc@posthook=\toks16

(/usr/local/texlive/2016/texmf-dist/tex/latex/base/utf8.def
File: utf8.def 2016/02/28 v1.1s UTF-8 support for inputenc
Now handling font encoding OML ...
... no UTF-8 mapping file for font encoding OML
Now handling font encoding T1 ...
... processing UTF-8 mapping file for font encoding T1

(/usr/local/texlive/2016/texmf-dist/tex/latex/base/t1enc.dfu
File: t1enc.dfu 2016/02/28 v1.1s UTF-8 support for inputenc
   defining Unicode char U+00A0 (decimal 160)
   defining Unicode char U+00A1 (decimal 161)
   defining Unicode char U+00A3 (decimal 163)
   defining Unicode char U+00AB (decimal 171)
   defining Unicode char U+00AD (decimal 173)
   defining Unicode char U+00BB (decimal 187)
   defining Unicode char U+00BF (decimal 191)
   defining Unicode char U+00C0 (decimal 192)
   defining Unicode char U+00C1 (decimal 193)
   defining Unicode char U+00C2 (decimal 194)
   defining Unicode char U+00C3 (decimal 195)
   defining Unicode char U+00C4 (decimal 196)
   defining Unicode char U+00C5 (decimal 197)
   defining Unicode char U+00C6 (decimal 198)
   defining Unicode char U+00C7 (decimal 199)
   defining Unicode char U+00C8 (decimal 200)
   defining Unicode char U+00C9 (decimal 201)
   defining Unicode char U+00CA (decimal 202)
   defining Unicode char U+00CB (decimal 203)
   defining Unicode char U+00CC (decimal 204)
   defining Unicode char U+00CD (decimal 205)
   defining Unicode char U+00CE (decimal 206)
   defining Unicode char U+00CF (decimal 207)
   defining Unicode char U+00D0 (decimal 208)
   defining Unicode char U+00D1 (decimal 209)
   defining Unicode char U+00D2 (decimal 210)
   defining Unicode char U+00D3 (decimal 211)
   defining Unicode char U+00D4 (decimal 212)
   defining Unicode char U+00D5 (decimal 213)
   defining Unicode char U+00D6 (decimal 214)
   defining Unicode char U+00D8 (decimal 216)
   defining Unicode char U+00D9 (decimal 217)
   defining Unicode char U+00DA (decimal 218)
   defining Unicode char U+00DB (decimal 219)
   defining Unicode char U+00DC (decimal 220)
   defining Unicode char U+00DD (decimal 221)
   defining Unicode char U+00DE (decimal 222)
   defining Unicode char U+00DF (decimal 223)
   defining Unicode char U+00E0 (decimal 224)
   defining Unicode char U+00E1 (decimal 225)
   defining Unicode char U+00E2 (decimal 226)
   defining Unicode char U+00E3 (decimal 227)
   defining Unicode char U+00E4 (decimal 228)
   defining Unicode char U+00E5 (decimal 229)
   defining Unicode char U+00E6 (decimal 230)
   defining Unicode char U+00E7 (decimal 231)
   defining Unicode char U+00E8 (decimal 232)
   defining Unicode char U+00E9 (decimal 233)
   defining Unicode char U+00EA (decimal 234)
   defining Unicode char U+00EB (decimal 235)
   defining Unicode char U+00EC (decimal 236)
   defining Unicode char U+00ED (decimal 237)
   defining Unicode char U+00EE (decimal 238)
   defining Unicode char U+00EF (decimal 239)
   defining Unicode char U+00F0 (decimal 240)
   defining Unicode char U+00F1 (decimal 241)
   defining Unicode char U+00F2 (decimal 242)
   defining Unicode char U+00F3 (decimal 243)
   defining Unicode char U+00F4 (decimal 244)
   defining Unicode char U+00F5 (decimal 245)
   defining Unicode char U+00F6 (decimal 246)
   defining Unicode char U+00F8 (decimal 248)
   defining Unicode char U+00F9 (decimal 249)
   defining Unicode char U+00FA (decimal 250)
   defining Unicode char U+00FB (decimal 251)
   defining Unicode char U+00FC (decimal 252)
   defining Unicode char U+00FD (decimal 253)
   defining Unicode char U+00FE (decimal 254)
   defining Unicode char U+00FF (decimal 255)
   defining Unicode char U+0100 (decimal 256)
   defining Unicode char U+0101 (decimal 257)
   defining Unicode char U+0102 (decimal 258)
   defining Unicode char U+0103 (decimal 259)
   defining Unicode char U+0104 (decimal 260)
   defining Unicode char U+0105 (decimal 261)
   defining Unicode char U+0106 (decimal 262)
   defining Unicode char U+0107 (decimal 263)
   defining Unicode char U+0108 (decimal 264)
   defining Unicode char U+0109 (decimal 265)
   defining Unicode char U+010A (decimal 266)
   defining Unicode char U+010B (decimal 267)
   defining Unicode char U+010C (decimal 268)
   defining Unicode char U+010D (decimal 269)
   defining Unicode char U+010E (decimal 270)
   defining Unicode char U+010F (decimal 271)
   defining Unicode char U+0110 (decimal 272)
   defining Unicode char U+0111 (decimal 273)
   defining Unicode char U+0112 (decimal 274)
   defining Unicode char U+0113 (decimal 275)
   defining Unicode char U+0114 (decimal 276)
   defining Unicode char U+0115 (decimal 277)
   defining Unicode char U+0116 (decimal 278)
   defining Unicode char U+0117 (decimal 279)
   defining Unicode char U+0118 (decimal 280)
   defining Unicode char U+0119 (decimal 281)
   defining Unicode char U+011A (decimal 282)
   defining Unicode char U+011B (decimal 283)
   defining Unicode char U+011C (decimal 284)
   defining Unicode char U+011D (decimal 285)
   defining Unicode char U+011E (decimal 286)
   defining Unicode char U+011F (decimal 287)
   defining Unicode char U+0120 (decimal 288)
   defining Unicode char U+0121 (decimal 289)
   defining Unicode char U+0122 (decimal 290)
   defining Unicode char U+0123 (decimal 291)
   defining Unicode char U+0124 (decimal 292)
   defining Unicode char U+0125 (decimal 293)
   defining Unicode char U+0128 (decimal 296)
   defining Unicode char U+0129 (decimal 297)
   defining Unicode char U+012A (decimal 298)
   defining Unicode char U+012B (decimal 299)
   defining Unicode char U+012C (decimal 300)
   defining Unicode char U+012D (decimal 301)
   defining Unicode char U+012E (decimal 302)
   defining Unicode char U+012F (decimal 303)
   defining Unicode char U+0130 (decimal 304)
   defining Unicode char U+0131 (decimal 305)
   defining Unicode char U+0132 (decimal 306)
   defining Unicode char U+0133 (decimal 307)
   defining Unicode char U+0134 (decimal 308)
   defining Unicode char U+0135 (decimal 309)
   defining Unicode char U+0136 (decimal 310)
   defining Unicode char U+0137 (decimal 311)
   defining Unicode char U+0139 (decimal 313)
   defining Unicode char U+013A (decimal 314)
   defining Unicode char U+013B (decimal 315)
   defining Unicode char U+013C (decimal 316)
   defining Unicode char U+013D (decimal 317)
   defining Unicode char U+013E (decimal 318)
   defining Unicode char U+0141 (decimal 321)
   defining Unicode char U+0142 (decimal 322)
   defining Unicode char U+0143 (decimal 323)
   defining Unicode char U+0144 (decimal 324)
   defining Unicode char U+0145 (decimal 325)
   defining Unicode char U+0146 (decimal 326)
   defining Unicode char U+0147 (decimal 327)
   defining Unicode char U+0148 (decimal 328)
   defining Unicode char U+014A (decimal 330)
   defining Unicode char U+014B (decimal 331)
   defining Unicode char U+014C (decimal 332)
   defining Unicode char U+014D (decimal 333)
   defining Unicode char U+014E (decimal 334)
   defining Unicode char U+014F (decimal 335)
   defining Unicode char U+0150 (decimal 336)
   defining Unicode char U+0151 (decimal 337)
   defining Unicode char U+0152 (decimal 338)
   defining Unicode char U+0153 (decimal 339)
   defining Unicode char U+0154 (decimal 340)
   defining Unicode char U+0155 (decimal 341)
   defining Unicode char U+0156 (decimal 342)
   defining Unicode char U+0157 (decimal 343)
   defining Unicode char U+0158 (decimal 344)
   defining Unicode char U+0159 (decimal 345)
   defining Unicode char U+015A (decimal 346)
   defining Unicode char U+015B (decimal 347)
   defining Unicode char U+015C (decimal 348)
   defining Unicode char U+015D (decimal 349)
   defining Unicode char U+015E (decimal 350)
   defining Unicode char U+015F (decimal 351)
   defining Unicode char U+0160 (decimal 352)
   defining Unicode char U+0161 (decimal 353)
   defining Unicode char U+0162 (decimal 354)
   defining Unicode char U+0163 (decimal 355)
   defining Unicode char U+0164 (decimal 356)
   defining Unicode char U+0165 (decimal 357)
   defining Unicode char U+0168 (decimal 360)
   defining Unicode char U+0169 (decimal 361)
   defining Unicode char U+016A (decimal 362)
   defining Unicode char U+016B (decimal 363)
   defining Unicode char U+016C (decimal 364)
   defining Unicode char U+016D (decimal 365)
   defining Unicode char U+016E (decimal 366)
   defining Unicode char U+016F (decimal 367)
   defining Unicode char U+0170 (decimal 368)
   defining Unicode char U+0171 (decimal 369)
   defining Unicode char U+0172 (decimal 370)
   defining Unicode char U+0173 (decimal 371)
   defining Unicode char U+0174 (decimal 372)
   defining Unicode char U+0175 (decimal 373)
   defining Unicode char U+0176 (decimal 374)
   defining Unicode char U+0177 (decimal 375)
   defining Unicode char U+0178 (decimal 376)
   defining Unicode char U+0179 (decimal 377)
   defining Unicode char U+017A (decimal 378)
   defining Unicode char U+017B (decimal 379)
   defining Unicode char U+017C (decimal 380)
   defining Unicode char U+017D (decimal 381)
   defining Unicode char U+017E (decimal 382)
   defining Unicode char U+01CD (decimal 461)
   defining Unicode char U+01CE (decimal 462)
   defining Unicode char U+01CF (decimal 463)
   defining Unicode char U+01D0 (decimal 464)
   defining Unicode char U+01D1 (decimal 465)
   defining Unicode char U+01D2 (decimal 466)
   defining Unicode char U+01D3 (decimal 467)
   defining Unicode char U+01D4 (decimal 468)
   defining Unicode char U+01E2 (decimal 482)
   defining Unicode char U+01E3 (decimal 483)
   defining Unicode char U+01E6 (decimal 486)
   defining Unicode char U+01E7 (decimal 487)
   defining Unicode char U+01E8 (decimal 488)
   defining Unicode char U+01E9 (decimal 489)
   defining Unicode char U+01EA (decimal 490)
   defining Unicode char U+01EB (decimal 491)
   defining Unicode char U+01F0 (decimal 496)
   defining Unicode char U+01F4 (decimal 500)
   defining Unicode char U+01F5 (decimal 501)
   defining Unicode char U+0218 (decimal 536)
   defining Unicode char U+0219 (decimal 537)
   defining Unicode char U+021A (decimal 538)
   defining Unicode char U+021B (decimal 539)
   defining Unicode char U+1E02 (decimal 7682)
   defining Unicode char U+1E03 (decimal 7683)
   defining Unicode char U+200C (decimal 8204)
   defining Unicode char U+2010 (decimal 8208)
   defining Unicode char U+2011 (decimal 8209)
   defining Unicode char U+2012 (decimal 8210)
   defining Unicode char U+2013 (decimal 8211)
   defining Unicode char U+2014 (decimal 8212)
   defining Unicode char U+2015 (decimal 8213)
   defining Unicode char U+2018 (decimal 8216)
   defining Unicode char U+2019 (decimal 8217)
   defining Unicode char U+201A (decimal 8218)
   defining Unicode char U+201C (decimal 8220)
   defining Unicode char U+201D (decimal 8221)
   defining Unicode char U+201E (decimal 8222)
   defining Unicode char U+2030 (decimal 8240)
   defining Unicode char U+2031 (decimal 8241)
   defining Unicode char U+2039 (decimal 8249)
   defining Unicode char U+203A (decimal 8250)
   defining Unicode char U+2423 (decimal 9251)
)
Now handling font encoding OT1 ...
... processing UTF-8 mapping file for font encoding OT1

(/usr/local/texlive/2016/texmf-dist/tex/latex/base/ot1enc.dfu
File: ot1enc.dfu 2016/02/28 v1.1s UTF-8 support for inputenc
   defining Unicode char U+00A0 (decimal 160)
   defining Unicode char U+00A1 (decimal 161)
   defining Unicode char U+00A3 (decimal 163)
   defining Unicode char U+00AD (decimal 173)
   defining Unicode char U+00B8 (decimal 184)
   defining Unicode char U+00BF (decimal 191)
   defining Unicode char U+00C5 (decimal 197)
   defining Unicode char U+00C6 (decimal 198)
   defining Unicode char U+00D8 (decimal 216)
   defining Unicode char U+00DF (decimal 223)
   defining Unicode char U+00E6 (decimal 230)
   defining Unicode char U+00EC (decimal 236)
   defining Unicode char U+00ED (decimal 237)
   defining Unicode char U+00EE (decimal 238)
   defining Unicode char U+00EF (decimal 239)
   defining Unicode char U+00F8 (decimal 248)
   defining Unicode char U+0131 (decimal 305)
   defining Unicode char U+0141 (decimal 321)
   defining Unicode char U+0142 (decimal 322)
   defining Unicode char U+0152 (decimal 338)
   defining Unicode char U+0153 (decimal 339)
   defining Unicode char U+0174 (decimal 372)
   defining Unicode char U+0175 (decimal 373)
   defining Unicode char U+0176 (decimal 374)
   defining Unicode char U+0177 (decimal 375)
   defining Unicode char U+0218 (decimal 536)
   defining Unicode char U+0219 (decimal 537)
   defining Unicode char U+021A (decimal 538)
   defining Unicode char U+021B (decimal 539)
   defining Unicode char U+2013 (decimal 8211)
   defining Unicode char U+2014 (decimal 8212)
   defining Unicode char U+2018 (decimal 8216)
   defining Unicode char U+2019 (decimal 8217)
   defining Unicode char U+201C (decimal 8220)
   defining Unicode char U+201D (decimal 8221)
)
Now handling font encoding OMS ...
... processing UTF-8 mapping file for font encoding OMS

(/usr/local/texlive/2016/texmf-dist/tex/latex/base/omsenc.dfu
File: omsenc.dfu 2016/02/28 v1.1s UTF-8 support for inputenc
   defining Unicode char U+00A7 (decimal 167)
   defining Unicode char U+00B6 (decimal 182)
   defining Unicode char U+00B7 (decimal 183)
   defining Unicode char U+2020 (decimal 8224)
   defining Unicode char U+2021 (decimal 8225)
   defining Unicode char U+2022 (decimal 8226)
)
Now handling font encoding OMX ...
... no UTF-8 mapping file for font encoding OMX
Now handling font encoding U ...
... no UTF-8 mapping file for font encoding U
   defining Unicode char U+00A9 (decimal 169)
   defining Unicode char U+00AA (decimal 170)
   defining Unicode char U+00AE (decimal 174)
   defining Unicode char U+00BA (decimal 186)
   defining Unicode char U+02C6 (decimal 710)
   defining Unicode char U+02DC (decimal 732)
   defining Unicode char U+200C (decimal 8204)
   defining Unicode char U+2026 (decimal 8230)
   defining Unicode char U+2122 (decimal 8482)
   defining Unicode char U+2423 (decimal 9251)
))
(/usr/local/texlive/2016/texmf-dist/tex/latex/python/python.sty
Package: python 2007/06/07 v0.21 Python in LaTeX
\@out=\write3
\@module=\write4
)
(/usr/local/texlive/2016/texmf-dist/tex/latex/amsmath/amsmath.sty
Package: amsmath 2016/03/10 v2.15b AMS math features
\@mathmargin=\skip43

For additional information on amsmath, use the `?' option.
(/usr/local/texlive/2016/texmf-dist/tex/latex/amsmath/amstext.sty
Package: amstext 2000/06/29 v2.01 AMS text

(/usr/local/texlive/2016/texmf-dist/tex/latex/amsmath/amsgen.sty
File: amsgen.sty 1999/11/30 v2.0 generic functions
\@emptytoks=\toks17
\ex@=\dimen104
))
(/usr/local/texlive/2016/texmf-dist/tex/latex/amsmath/amsbsy.sty
Package: amsbsy 1999/11/29 v1.2d Bold Symbols
\pmbraise@=\dimen105
)
(/usr/local/texlive/2016/texmf-dist/tex/latex/amsmath/amsopn.sty
Package: amsopn 2016/03/08 v2.02 operator names
)
\inf@bad=\count90
LaTeX Info: Redefining \frac on input line 199.
\uproot@=\count91
\leftroot@=\count92
LaTeX Info: Redefining \overline on input line 297.
\classnum@=\count93
\DOTSCASE@=\count94
LaTeX Info: Redefining \ldots on input line 394.
LaTeX Info: Redefining \dots on input line 397.
LaTeX Info: Redefining \cdots on input line 518.
\Mathstrutbox@=\box26
\strutbox@=\box27
\big@size=\dimen106
LaTeX Font Info:    Redeclaring font encoding OML on input line 634.
LaTeX Font Info:    Redeclaring font encoding OMS on input line 635.
\macc@depth=\count95
\c@MaxMatrixCols=\count96
\dotsspace@=\muskip10
\c@parentequation=\count97
\dspbrk@lvl=\count98
\tag@help=\toks18
\row@=\count99
\column@=\count100
\maxfields@=\count101
\andhelp@=\toks19
\eqnshift@=\dimen107
\alignsep@=\dimen108
\tagshift@=\dimen109
\tagwidth@=\dimen110
\totwidth@=\dimen111
\lineht@=\dimen112
\@envbody=\toks20
\multlinegap=\skip44
\multlinetaggap=\skip45
\mathdisplay@stack=\toks21
LaTeX Info: Redefining \[ on input line 2739.
LaTeX Info: Redefining \] on input line 2740.
)
(/usr/local/texlive/2016/texmf-dist/tex/latex/amscls/amsthm.sty
Package: amsthm 2015/03/04 v2.20.2
\thm@style=\toks22
\thm@bodyfont=\toks23
\thm@headfont=\toks24
\thm@notefont=\toks25
\thm@headpunct=\toks26
\thm@preskip=\skip46
\thm@postskip=\skip47
\thm@headsep=\skip48
\dth@everypar=\toks27
)
(/usr/local/texlive/2016/texmf-dist/tex/latex/amsfonts/amssymb.sty
Package: amssymb 2013/01/14 v3.01 AMS font symbols

(/usr/local/texlive/2016/texmf-dist/tex/latex/amsfonts/amsfonts.sty
Package: amsfonts 2013/01/14 v3.01 Basic AMSFonts support
\symAMSa=\mathgroup4
\symAMSb=\mathgroup5
LaTeX Font Info:    Overwriting math alphabet `\mathfrak' in version `bold'
(Font)                  U/euf/m/n --> U/euf/b/n on input line 106.
))
(/usr/local/texlive/2016/texmf-dist/tex/latex/relsize/relsize.sty
Package: relsize 2013/03/29 ver 4.1
)
(/usr/local/texlive/2016/texmf-dist/tex/latex/geometry/geometry.sty
Package: geometry 2010/09/12 v5.6 Page Geometry

(/usr/local/texlive/2016/texmf-dist/tex/latex/graphics/keyval.sty
Package: keyval 2014/10/28 v1.15 key=value parser (DPC)
\KV@toks@=\toks28
)
(/usr/local/texlive/2016/texmf-dist/tex/generic/oberdiek/ifpdf.sty
Package: ifpdf 2016/05/14 v3.1 Provides the ifpdf switch
)
(/usr/local/texlive/2016/texmf-dist/tex/generic/oberdiek/ifvtex.sty
Package: ifvtex 2016/05/16 v1.6 Detect VTeX and its facilities (HO)
Package ifvtex Info: VTeX not detected.
)
(/usr/local/texlive/2016/texmf-dist/tex/generic/ifxetex/ifxetex.sty
Package: ifxetex 2010/09/12 v0.6 Provides ifxetex conditional
)
\Gm@cnth=\count102
\Gm@cntv=\count103
\c@Gm@tempcnt=\count104
\Gm@bindingoffset=\dimen113
\Gm@wd@mp=\dimen114
\Gm@odd@mp=\dimen115
\Gm@even@mp=\dimen116
\Gm@layoutwidth=\dimen117
\Gm@layoutheight=\dimen118
\Gm@layouthoffset=\dimen119
\Gm@layoutvoffset=\dimen120
\Gm@dimlist=\toks29
)
(/usr/local/texlive/2016/texmf-dist/tex/latex/graphics/graphicx.sty
Package: graphicx 2014/10/28 v1.0g Enhanced LaTeX Graphics (DPC,SPQR)

(/usr/local/texlive/2016/texmf-dist/tex/latex/graphics/graphics.sty
Package: graphics 2016/05/09 v1.0r Standard LaTeX Graphics (DPC,SPQR)

(/usr/local/texlive/2016/texmf-dist/tex/latex/graphics/trig.sty
Package: trig 2016/01/03 v1.10 sin cos tan (DPC)
)
(/usr/local/texlive/2016/texmf-dist/tex/latex/graphics-cfg/graphics.cfg
File: graphics.cfg 2016/01/02 v1.10 sample graphics configuration
)
Package graphics Info: Driver file: pdftex.def on input line 96.

(/usr/local/texlive/2016/texmf-dist/tex/latex/pdftex-def/pdftex.def
File: pdftex.def 2011/05/27 v0.06d Graphics/color for pdfTeX

(/usr/local/texlive/2016/texmf-dist/tex/generic/oberdiek/infwarerr.sty
Package: infwarerr 2016/05/16 v1.4 Providing info/warning/error messages (HO)
)
(/usr/local/texlive/2016/texmf-dist/tex/generic/oberdiek/ltxcmds.sty
Package: ltxcmds 2016/05/16 v1.23 LaTeX kernel commands for general use (HO)
)
\Gread@gobject=\count105
))
\Gin@req@height=\dimen121
\Gin@req@width=\dimen122
)
(/usr/local/texlive/2016/texmf-dist/tex/latex/fancyhdr/fancyhdr.sty
\fancy@headwidth=\skip49
\f@ncyO@elh=\skip50
\f@ncyO@erh=\skip51
\f@ncyO@olh=\skip52
\f@ncyO@orh=\skip53
\f@ncyO@elf=\skip54
\f@ncyO@erf=\skip55
\f@ncyO@olf=\skip56
\f@ncyO@orf=\skip57
)
(/usr/local/texlive/2016/texmf-dist/tex/latex/hyperref/hyperref.sty
Package: hyperref 2016/05/05 v6.83n Hypertext links for LaTeX

(/usr/local/texlive/2016/texmf-dist/tex/generic/oberdiek/hobsub-hyperref.sty
Package: hobsub-hyperref 2016/05/16 v1.14 Bundle oberdiek, subset hyperref (HO)


(/usr/local/texlive/2016/texmf-dist/tex/generic/oberdiek/hobsub-generic.sty
Package: hobsub-generic 2016/05/16 v1.14 Bundle oberdiek, subset generic (HO)
Package: hobsub 2016/05/16 v1.14 Construct package bundles (HO)
Package hobsub Info: Skipping package `infwarerr' (already loaded).
Package hobsub Info: Skipping package `ltxcmds' (already loaded).
Package: ifluatex 2016/05/16 v1.4 Provides the ifluatex switch (HO)
Package ifluatex Info: LuaTeX not detected.
Package hobsub Info: Skipping package `ifvtex' (already loaded).
Package: intcalc 2016/05/16 v1.2 Expandable calculations with integers (HO)
Package hobsub Info: Skipping package `ifpdf' (already loaded).
Package: etexcmds 2016/05/16 v1.6 Avoid name clashes with e-TeX commands (HO)
Package etexcmds Info: Could not find \expanded.
(etexcmds)             That can mean that you are not using pdfTeX 1.50 or
(etexcmds)             that some package has redefined \expanded.
(etexcmds)             In the latter case, load this package earlier.
Package: kvsetkeys 2016/05/16 v1.17 Key value parser (HO)
Package: kvdefinekeys 2016/05/16 v1.4 Define keys (HO)
Package: pdftexcmds 2016/05/10 v0.21 Utility functions of pdfTeX for LuaTeX (HO
)
Package pdftexcmds Info: LuaTeX not detected.
Package pdftexcmds Info: \pdf@primitive is available.
Package pdftexcmds Info: \pdf@ifprimitive is available.
Package pdftexcmds Info: \pdfdraftmode found.
Package: pdfescape 2016/05/16 v1.14 Implements pdfTeX's escape features (HO)
Package: bigintcalc 2016/05/16 v1.4 Expandable calculations on big integers (HO
)
Package: bitset 2016/05/16 v1.2 Handle bit-vector datatype (HO)
Package: uniquecounter 2016/05/16 v1.3 Provide unlimited unique counter (HO)
)
Package hobsub Info: Skipping package `hobsub' (already loaded).
Package: letltxmacro 2016/05/16 v1.5 Let assignment for LaTeX macros (HO)
Package: hopatch 2016/05/16 v1.3 Wrapper for package hooks (HO)
Package: xcolor-patch 2016/05/16 xcolor patch
Package: atveryend 2016/05/16 v1.9 Hooks at the very end of document (HO)
Package atveryend Info: \enddocument detected (standard20110627).
Package: atbegshi 2016/05/16 v1.17 At begin shipout hook (HO)
Package: refcount 2016/05/16 v3.5 Data extraction from label references (HO)
Package: hycolor 2016/05/16 v1.8 Color options for hyperref/bookmark (HO)
)
(/usr/local/texlive/2016/texmf-dist/tex/latex/oberdiek/auxhook.sty
Package: auxhook 2016/05/16 v1.4 Hooks for auxiliary files (HO)
)
(/usr/local/texlive/2016/texmf-dist/tex/latex/oberdiek/kvoptions.sty
Package: kvoptions 2016/05/16 v3.12 Key value format for package options (HO)
)
\@linkdim=\dimen123
\Hy@linkcounter=\count106
\Hy@pagecounter=\count107

(/usr/local/texlive/2016/texmf-dist/tex/latex/hyperref/pd1enc.def
File: pd1enc.def 2016/05/05 v6.83n Hyperref: PDFDocEncoding definition (HO)
Now handling font encoding PD1 ...
... no UTF-8 mapping file for font encoding PD1
)
\Hy@SavedSpaceFactor=\count108

(/usr/local/texlive/2016/texmf-dist/tex/latex/latexconfig/hyperref.cfg
File: hyperref.cfg 2002/06/06 v1.2 hyperref configuration of TeXLive
)
Package hyperref Info: Option `colorlinks' set `true' on input line 4322.
Package hyperref Info: Hyper figures OFF on input line 4446.
Package hyperref Info: Link nesting OFF on input line 4451.
Package hyperref Info: Hyper index ON on input line 4454.
Package hyperref Info: Plain pages OFF on input line 4461.
Package hyperref Info: Backreferencing OFF on input line 4466.
Package hyperref Info: Implicit mode ON; LaTeX internals redefined.
Package hyperref Info: Bookmarks ON on input line 4691.
\c@Hy@tempcnt=\count109

(/usr/local/texlive/2016/texmf-dist/tex/latex/url/url.sty
\Urlmuskip=\muskip11
Package: url 2013/09/16  ver 3.4  Verb mode for urls, etc.
)
LaTeX Info: Redefining \url on input line 5044.
\XeTeXLinkMargin=\dimen124
\Fld@menulength=\count110
\Field@Width=\dimen125
\Fld@charsize=\dimen126
Package hyperref Info: Hyper figures OFF on input line 6298.
Package hyperref Info: Link nesting OFF on input line 6303.
Package hyperref Info: Hyper index ON on input line 6306.
Package hyperref Info: backreferencing OFF on input line 6313.
Package hyperref Info: Link coloring ON on input line 6316.
Package hyperref Info: Link coloring with OCG OFF on input line 6323.
Package hyperref Info: PDF/A mode OFF on input line 6328.
LaTeX Info: Redefining \ref on input line 6368.
LaTeX Info: Redefining \pageref on input line 6372.
\Hy@abspage=\count111
\c@Item=\count112
\c@Hfootnote=\count113
)

Package hyperref Message: Driver: hpdftex.

(/usr/local/texlive/2016/texmf-dist/tex/latex/hyperref/hpdftex.def
File: hpdftex.def 2016/05/05 v6.83n Hyperref driver for pdfTeX
\Fld@listcount=\count114
\c@bookmark@seq@number=\count115

(/usr/local/texlive/2016/texmf-dist/tex/latex/oberdiek/rerunfilecheck.sty
Package: rerunfilecheck 2016/05/16 v1.8 Rerun checks for auxiliary files (HO)
Package uniquecounter Info: New unique counter `rerunfilecheck' on input line 2
82.
)
\Hy@SectionHShift=\skip58
)
(/usr/local/texlive/2016/texmf-dist/tex/latex/psnfss/palatino.sty
Package: palatino 2005/04/12 PSNFSS-v9.2a (SPQR) 
)
(/usr/local/texlive/2016/texmf-dist/tex/latex/listings/listings.sty
\lst@mode=\count116
\lst@gtempboxa=\box28
\lst@token=\toks30
\lst@length=\count117
\lst@currlwidth=\dimen127
\lst@column=\count118
\lst@pos=\count119
\lst@lostspace=\dimen128
\lst@width=\dimen129
\lst@newlines=\count120
\lst@lineno=\count121
\lst@maxwidth=\dimen130

(/usr/local/texlive/2016/texmf-dist/tex/latex/listings/lstmisc.sty
File: lstmisc.sty 2015/06/04 1.6 (Carsten Heinz)
\c@lstnumber=\count122
\lst@skipnumbers=\count123
\lst@framebox=\box29
)
(/usr/local/texlive/2016/texmf-dist/tex/latex/listings/listings.cfg
File: listings.cfg 2015/06/04 1.6 listings configuration
))
Package: listings 2015/06/04 1.6 (Carsten Heinz)

(/usr/local/texlive/2016/texmf-dist/tex/latex/subfig/subfig.sty
Package: subfig 2005/06/28 ver: 1.3 subfig package

(/usr/local/texlive/2016/texmf-dist/tex/latex/caption/caption.sty
Package: caption 2016/02/21 v3.3-144 Customizing captions (AR)

(/usr/local/texlive/2016/texmf-dist/tex/latex/caption/caption3.sty
Package: caption3 2016/02/04 v1.7-139 caption3 kernel (AR)
Package caption3 Info: TeX engine: e-TeX on input line 67.
\captionmargin=\dimen131
\captionmargin@=\dimen132
\captionwidth=\dimen133
\caption@tempdima=\dimen134
\caption@indent=\dimen135
\caption@parindent=\dimen136
\caption@hangindent=\dimen137
)
\c@ContinuedFloat=\count124
Package caption Info: hyperref package is loaded.
Package caption Info: listings package is loaded.
)
\c@KVtest=\count125
\sf@farskip=\skip59
\sf@captopadj=\dimen138
\sf@capskip=\skip60
\sf@nearskip=\skip61
\c@subfigure=\count126
\c@subfigure@save=\count127
\c@lofdepth=\count128
\c@subtable=\count129
\c@subtable@save=\count130
\c@lotdepth=\count131
\sf@top=\skip62
\sf@bottom=\skip63
)
(/usr/local/texlive/2016/texmf-dist/tex/generic/xypic/xy.sty
(/usr/local/texlive/2016/texmf-dist/tex/generic/xypic/xy.tex Bootstrap'ing:
catcodes, docmode,
(/usr/local/texlive/2016/texmf-dist/tex/generic/xypic/xyrecat.tex)
(/usr/local/texlive/2016/texmf-dist/tex/generic/xypic/xyidioms.tex)

 Xy-pic version 3.8.9 <2013/10/06>
 Copyright (c) 1991-2013 by Kristoffer H. Rose <krisrose@tug.org> and others
 Xy-pic is free software: see the User's Guide for details.

Loading kernel: messages; fonts; allocations: state,
\X@c=\dimen139
\Y@c=\dimen140
\U@c=\dimen141
\D@c=\dimen142
\L@c=\dimen143
\R@c=\dimen144
\Edge@c=\toks31
\X@p=\dimen145
\Y@p=\dimen146
\U@p=\dimen147
\D@p=\dimen148
\L@p=\dimen149
\R@p=\dimen150
\Edge@p=\toks32
\X@origin=\dimen151
\Y@origin=\dimen152
\X@xbase=\dimen153
\Y@xbase=\dimen154
\X@ybase=\dimen155
\Y@ybase=\dimen156
\X@min=\dimen157
\Y@min=\dimen158
\X@max=\dimen159
\Y@max=\dimen160
\lastobjectbox@=\box30
\zerodotbox@=\box31
\almostz@=\dimen161
 direction,
\d@X=\dimen162
\d@Y=\dimen163
\K@=\count132
\KK@=\count133
\Direction=\count134
\K@dXdY=\dimen164
\K@dYdX=\dimen165
\xyread@=\read1
\xywrite@=\write5
\csp@=\count135
\quotPTK@=\dimen166

utility macros; pictures: \xy, positions,
\swaptoks@@=\toks33
\connectobjectbox@@=\box32
 objects,
\styletoks@=\toks34
 decorations;
kernel objects: directionals, circles, text; options; algorithms: directions,
edges, connections;  Xy-pic loaded)
Package: xy 2013/10/06 Xy-pic version 3.8.9

(/usr/local/texlive/2016/texmf-dist/tex/generic/xypic/xyall.tex
 Xy-pic option: All features v.3.8
(/usr/local/texlive/2016/texmf-dist/tex/generic/xypic/xycurve.tex
 Xy-pic option: Curve and Spline extension v.3.12 curve,
\crv@cnt@=\count136
\crvpts@=\toks35
\splinebox@=\box33
\splineval@=\dimen167
\splinedepth@=\dimen168
\splinetol@=\dimen169
\splinelength@=\dimen170
 circles,
\L@=\dimen171
 loaded)
(/usr/local/texlive/2016/texmf-dist/tex/generic/xypic/xyframe.tex
 Xy-pic option: Frame and Bracket extension v.3.14 loaded)
(/usr/local/texlive/2016/texmf-dist/tex/generic/xypic/xycmtip.tex
 Xy-pic option: Computer Modern tip extension v.3.7
(/usr/local/texlive/2016/texmf-dist/tex/generic/xypic/xytips.tex
 Xy-pic option: More Tips extension v.3.11 loaded) loaded)
(/usr/local/texlive/2016/texmf-dist/tex/generic/xypic/xyline.tex
 Xy-pic option: Line styles extension v.3.10
\xylinethick@=\dimen172
 loaded)
(/usr/local/texlive/2016/texmf-dist/tex/generic/xypic/xyrotate.tex
 Xy-pic option: Rotate and Scale extension v.3.8 loaded)
(/usr/local/texlive/2016/texmf-dist/tex/generic/xypic/xycolor.tex
 Xy-pic option: Colour extension v.3.11 loaded)
(/usr/local/texlive/2016/texmf-dist/tex/generic/xypic/xymatrix.tex
 Xy-pic option: Matrix feature v.3.14
\Row=\count137
\Col=\count138
\queue@=\toks36
\queue@@=\toks37
\qcount@=\count139
\qcount@@=\count140
\matrixsize@=\count141
 loaded)
(/usr/local/texlive/2016/texmf-dist/tex/generic/xypic/xyarrow.tex
 Xy-pic option: Arrow and Path feature v.3.9 path, \ar, loaded)
(/usr/local/texlive/2016/texmf-dist/tex/generic/xypic/xygraph.tex
 Xy-pic option: Graph feature v.3.11 loaded) loaded)
(/usr/local/texlive/2016/texmf-dist/tex/generic/xypic/xypdf.tex
 Xy-pic option: PDF driver v.1.7 Xy-pic pdf driver: `color' extension support
(/usr/local/texlive/2016/texmf-dist/tex/generic/xypic/xypdf-co.tex loaded)
Xy-pic pdf driver: `curve' extension support
(/usr/local/texlive/2016/texmf-dist/tex/generic/xypic/xypdf-cu.tex loaded)
Xy-pic pdf driver: `frame' extension support
(/usr/local/texlive/2016/texmf-dist/tex/generic/xypic/xypdf-fr.tex loaded)
Xy-pic pdf driver: `line' extension support
(/usr/local/texlive/2016/texmf-dist/tex/generic/xypic/xypdf-li.tex loaded)
Xy-pic pdf driver: `rotate' extension support
(/usr/local/texlive/2016/texmf-dist/tex/generic/xypic/xypdf-ro.tex loaded)
loaded)) (/usr/local/texlive/2016/texmf-dist/tex/latex/mathtools/mathtools.sty
Package: mathtools 2015/11/12 v1.18 mathematical typesetting tools

(/usr/local/texlive/2016/texmf-dist/tex/latex/tools/calc.sty
Package: calc 2014/10/28 v4.3 Infix arithmetic (KKT,FJ)
\calc@Acount=\count142
\calc@Bcount=\count143
\calc@Adimen=\dimen173
\calc@Bdimen=\dimen174
\calc@Askip=\skip64
\calc@Bskip=\skip65
LaTeX Info: Redefining \setlength on input line 80.
LaTeX Info: Redefining \addtolength on input line 81.
\calc@Ccount=\count144
\calc@Cskip=\skip66
)
(/usr/local/texlive/2016/texmf-dist/tex/latex/mathtools/mhsetup.sty
Package: mhsetup 2010/01/21 v1.2a programming setup (MH)
)
LaTeX Info: Thecontrolsequence`\('isalreadyrobust on input line 129.
LaTeX Info: Thecontrolsequence`\)'isalreadyrobust on input line 129.
LaTeX Info: Thecontrolsequence`\['isalreadyrobust on input line 129.
LaTeX Info: Thecontrolsequence`\]'isalreadyrobust on input line 129.
\g_MT_multlinerow_int=\count145
\l_MT_multwidth_dim=\dimen175
\origjot=\skip67
\l_MT_shortvdotswithinadjustabove_dim=\dimen176
\l_MT_shortvdotswithinadjustbelow_dim=\dimen177
\l_MT_above_intertext_sep=\dimen178
\l_MT_below_intertext_sep=\dimen179
\l_MT_above_shortintertext_sep=\dimen180
\l_MT_below_shortintertext_sep=\dimen181
)
(/usr/local/texlive/2016/texmf-dist/tex/latex/pgf/frontendlayer/tikz.sty
(/usr/local/texlive/2016/texmf-dist/tex/latex/pgf/basiclayer/pgf.sty
(/usr/local/texlive/2016/texmf-dist/tex/latex/pgf/utilities/pgfrcs.sty
(/usr/local/texlive/2016/texmf-dist/tex/generic/pgf/utilities/pgfutil-common.te
x
\pgfutil@everybye=\toks38
\pgfutil@tempdima=\dimen182
\pgfutil@tempdimb=\dimen183

(/usr/local/texlive/2016/texmf-dist/tex/generic/pgf/utilities/pgfutil-common-li
sts.tex))
(/usr/local/texlive/2016/texmf-dist/tex/generic/pgf/utilities/pgfutil-latex.def
\pgfutil@abb=\box34
(/usr/local/texlive/2016/texmf-dist/tex/latex/ms/everyshi.sty
Package: everyshi 2001/05/15 v3.00 EveryShipout Package (MS)
))
(/usr/local/texlive/2016/texmf-dist/tex/generic/pgf/utilities/pgfrcs.code.tex
Package: pgfrcs 2015/08/07 v3.0.1a (rcs-revision 1.31)
))
Package: pgf 2015/08/07 v3.0.1a (rcs-revision 1.15)
(/usr/local/texlive/2016/texmf-dist/tex/latex/pgf/basiclayer/pgfcore.sty
(/usr/local/texlive/2016/texmf-dist/tex/latex/pgf/systemlayer/pgfsys.sty
(/usr/local/texlive/2016/texmf-dist/tex/generic/pgf/systemlayer/pgfsys.code.tex
Package: pgfsys 2014/07/09 v3.0.1a (rcs-revision 1.48)
(/usr/local/texlive/2016/texmf-dist/tex/generic/pgf/utilities/pgfkeys.code.tex
\pgfkeys@pathtoks=\toks39
\pgfkeys@temptoks=\toks40

(/usr/local/texlive/2016/texmf-dist/tex/generic/pgf/utilities/pgfkeysfiltered.c
ode.tex
\pgfkeys@tmptoks=\toks41
))
\pgf@x=\dimen184
\pgf@y=\dimen185
\pgf@xa=\dimen186
\pgf@ya=\dimen187
\pgf@xb=\dimen188
\pgf@yb=\dimen189
\pgf@xc=\dimen190
\pgf@yc=\dimen191
\w@pgf@writea=\write6
\r@pgf@reada=\read2
\c@pgf@counta=\count146
\c@pgf@countb=\count147
\c@pgf@countc=\count148
\c@pgf@countd=\count149
\t@pgf@toka=\toks42
\t@pgf@tokb=\toks43
\t@pgf@tokc=\toks44

(/usr/local/texlive/2016/texmf-dist/tex/generic/pgf/systemlayer/pgf.cfg
File: pgf.cfg 2008/05/14  (rcs-revision 1.7)
)
Driver file for pgf: pgfsys-pdftex.def

(/usr/local/texlive/2016/texmf-dist/tex/generic/pgf/systemlayer/pgfsys-pdftex.d
ef
File: pgfsys-pdftex.def 2014/10/11  (rcs-revision 1.35)

(/usr/local/texlive/2016/texmf-dist/tex/generic/pgf/systemlayer/pgfsys-common-p
df.def
File: pgfsys-common-pdf.def 2013/10/10  (rcs-revision 1.13)
)))
(/usr/local/texlive/2016/texmf-dist/tex/generic/pgf/systemlayer/pgfsyssoftpath.
code.tex
File: pgfsyssoftpath.code.tex 2013/09/09  (rcs-revision 1.9)
\pgfsyssoftpath@smallbuffer@items=\count150
\pgfsyssoftpath@bigbuffer@items=\count151
)
(/usr/local/texlive/2016/texmf-dist/tex/generic/pgf/systemlayer/pgfsysprotocol.
code.tex
File: pgfsysprotocol.code.tex 2006/10/16  (rcs-revision 1.4)
)) (/usr/local/texlive/2016/texmf-dist/tex/latex/xcolor/xcolor.sty
Package: xcolor 2016/05/11 v2.12 LaTeX color extensions (UK)

(/usr/local/texlive/2016/texmf-dist/tex/latex/graphics-cfg/color.cfg
File: color.cfg 2016/01/02 v1.6 sample color configuration
)
Package xcolor Info: Driver file: pdftex.def on input line 225.
Package xcolor Info: Model `cmy' substituted by `cmy0' on input line 1348.
Package xcolor Info: Model `hsb' substituted by `rgb' on input line 1352.
Package xcolor Info: Model `RGB' extended on input line 1364.
Package xcolor Info: Model `HTML' substituted by `rgb' on input line 1366.
Package xcolor Info: Model `Hsb' substituted by `hsb' on input line 1367.
Package xcolor Info: Model `tHsb' substituted by `hsb' on input line 1368.
Package xcolor Info: Model `HSB' substituted by `hsb' on input line 1369.
Package xcolor Info: Model `Gray' substituted by `gray' on input line 1370.
Package xcolor Info: Model `wave' substituted by `hsb' on input line 1371.
)
(/usr/local/texlive/2016/texmf-dist/tex/generic/pgf/basiclayer/pgfcore.code.tex
Package: pgfcore 2010/04/11 v3.0.1a (rcs-revision 1.7)
(/usr/local/texlive/2016/texmf-dist/tex/generic/pgf/math/pgfmath.code.tex
(/usr/local/texlive/2016/texmf-dist/tex/generic/pgf/math/pgfmathcalc.code.tex
(/usr/local/texlive/2016/texmf-dist/tex/generic/pgf/math/pgfmathutil.code.tex)
(/usr/local/texlive/2016/texmf-dist/tex/generic/pgf/math/pgfmathparser.code.tex
\pgfmath@dimen=\dimen192
\pgfmath@count=\count152
\pgfmath@box=\box35
\pgfmath@toks=\toks45
\pgfmath@stack@operand=\toks46
\pgfmath@stack@operation=\toks47
)
(/usr/local/texlive/2016/texmf-dist/tex/generic/pgf/math/pgfmathfunctions.code.
tex
(/usr/local/texlive/2016/texmf-dist/tex/generic/pgf/math/pgfmathfunctions.basic
.code.tex)
(/usr/local/texlive/2016/texmf-dist/tex/generic/pgf/math/pgfmathfunctions.trigo
nometric.code.tex)
(/usr/local/texlive/2016/texmf-dist/tex/generic/pgf/math/pgfmathfunctions.rando
m.code.tex)
(/usr/local/texlive/2016/texmf-dist/tex/generic/pgf/math/pgfmathfunctions.compa
rison.code.tex)
(/usr/local/texlive/2016/texmf-dist/tex/generic/pgf/math/pgfmathfunctions.base.
code.tex)
(/usr/local/texlive/2016/texmf-dist/tex/generic/pgf/math/pgfmathfunctions.round
.code.tex)
(/usr/local/texlive/2016/texmf-dist/tex/generic/pgf/math/pgfmathfunctions.misc.
code.tex)
(/usr/local/texlive/2016/texmf-dist/tex/generic/pgf/math/pgfmathfunctions.integ
erarithmetics.code.tex)))
(/usr/local/texlive/2016/texmf-dist/tex/generic/pgf/math/pgfmathfloat.code.tex
\c@pgfmathroundto@lastzeros=\count153
))
(/usr/local/texlive/2016/texmf-dist/tex/generic/pgf/basiclayer/pgfcorepoints.co
de.tex
File: pgfcorepoints.code.tex 2013/10/07  (rcs-revision 1.27)
\pgf@picminx=\dimen193
\pgf@picmaxx=\dimen194
\pgf@picminy=\dimen195
\pgf@picmaxy=\dimen196
\pgf@pathminx=\dimen197
\pgf@pathmaxx=\dimen198
\pgf@pathminy=\dimen199
Normal \dimen register pool exhausted, switching to extended pool.
\pgf@pathmaxy=\dimen256
\pgf@xx=\dimen257
\pgf@xy=\dimen258
\pgf@yx=\dimen259
\pgf@yy=\dimen260
\pgf@zx=\dimen261
\pgf@zy=\dimen262
)
(/usr/local/texlive/2016/texmf-dist/tex/generic/pgf/basiclayer/pgfcorepathconst
ruct.code.tex
File: pgfcorepathconstruct.code.tex 2013/10/07  (rcs-revision 1.29)
\pgf@path@lastx=\dimen263
\pgf@path@lasty=\dimen264
)
(/usr/local/texlive/2016/texmf-dist/tex/generic/pgf/basiclayer/pgfcorepathusage
.code.tex
File: pgfcorepathusage.code.tex 2014/11/02  (rcs-revision 1.24)
\pgf@shorten@end@additional=\dimen265
\pgf@shorten@start@additional=\dimen266
)
(/usr/local/texlive/2016/texmf-dist/tex/generic/pgf/basiclayer/pgfcorescopes.co
de.tex
File: pgfcorescopes.code.tex 2015/05/08  (rcs-revision 1.46)
\pgfpic=\box36
\pgf@hbox=\box37
\pgf@layerbox@main=\box38
\pgf@picture@serial@count=\count154
)
(/usr/local/texlive/2016/texmf-dist/tex/generic/pgf/basiclayer/pgfcoregraphicst
ate.code.tex
File: pgfcoregraphicstate.code.tex 2014/11/02  (rcs-revision 1.12)
\pgflinewidth=\dimen267
)
(/usr/local/texlive/2016/texmf-dist/tex/generic/pgf/basiclayer/pgfcoretransform
ations.code.tex
File: pgfcoretransformations.code.tex 2015/08/07  (rcs-revision 1.20)
\pgf@pt@x=\dimen268
\pgf@pt@y=\dimen269
\pgf@pt@temp=\dimen270
)
(/usr/local/texlive/2016/texmf-dist/tex/generic/pgf/basiclayer/pgfcorequick.cod
e.tex
File: pgfcorequick.code.tex 2008/10/09  (rcs-revision 1.3)
)
(/usr/local/texlive/2016/texmf-dist/tex/generic/pgf/basiclayer/pgfcoreobjects.c
ode.tex
File: pgfcoreobjects.code.tex 2006/10/11  (rcs-revision 1.2)
)
(/usr/local/texlive/2016/texmf-dist/tex/generic/pgf/basiclayer/pgfcorepathproce
ssing.code.tex
File: pgfcorepathprocessing.code.tex 2013/09/09  (rcs-revision 1.9)
)
(/usr/local/texlive/2016/texmf-dist/tex/generic/pgf/basiclayer/pgfcorearrows.co
de.tex
File: pgfcorearrows.code.tex 2015/05/14  (rcs-revision 1.43)
\pgfarrowsep=\dimen271
)
(/usr/local/texlive/2016/texmf-dist/tex/generic/pgf/basiclayer/pgfcoreshade.cod
e.tex
File: pgfcoreshade.code.tex 2013/07/15  (rcs-revision 1.15)
\pgf@max=\dimen272
\pgf@sys@shading@range@num=\count155
)
(/usr/local/texlive/2016/texmf-dist/tex/generic/pgf/basiclayer/pgfcoreimage.cod
e.tex
File: pgfcoreimage.code.tex 2013/07/15  (rcs-revision 1.18)

(/usr/local/texlive/2016/texmf-dist/tex/generic/pgf/basiclayer/pgfcoreexternal.
code.tex
File: pgfcoreexternal.code.tex 2014/07/09  (rcs-revision 1.21)
\pgfexternal@startupbox=\box39
))
(/usr/local/texlive/2016/texmf-dist/tex/generic/pgf/basiclayer/pgfcorelayers.co
de.tex
File: pgfcorelayers.code.tex 2013/07/18  (rcs-revision 1.7)
)
(/usr/local/texlive/2016/texmf-dist/tex/generic/pgf/basiclayer/pgfcoretranspare
ncy.code.tex
File: pgfcoretransparency.code.tex 2013/09/30  (rcs-revision 1.5)
)
(/usr/local/texlive/2016/texmf-dist/tex/generic/pgf/basiclayer/pgfcorepatterns.
code.tex
File: pgfcorepatterns.code.tex 2013/11/07  (rcs-revision 1.5)
)))
(/usr/local/texlive/2016/texmf-dist/tex/generic/pgf/modules/pgfmoduleshapes.cod
e.tex
File: pgfmoduleshapes.code.tex 2014/03/21  (rcs-revision 1.35)
\pgfnodeparttextbox=\box40
)
(/usr/local/texlive/2016/texmf-dist/tex/generic/pgf/modules/pgfmoduleplot.code.
tex
File: pgfmoduleplot.code.tex 2015/08/03  (rcs-revision 1.13)
)
(/usr/local/texlive/2016/texmf-dist/tex/latex/pgf/compatibility/pgfcomp-version
-0-65.sty
Package: pgfcomp-version-0-65 2007/07/03 v3.0.1a (rcs-revision 1.7)
\pgf@nodesepstart=\dimen273
\pgf@nodesepend=\dimen274
)
(/usr/local/texlive/2016/texmf-dist/tex/latex/pgf/compatibility/pgfcomp-version
-1-18.sty
Package: pgfcomp-version-1-18 2007/07/23 v3.0.1a (rcs-revision 1.1)
))
(/usr/local/texlive/2016/texmf-dist/tex/latex/pgf/utilities/pgffor.sty
(/usr/local/texlive/2016/texmf-dist/tex/latex/pgf/utilities/pgfkeys.sty
(/usr/local/texlive/2016/texmf-dist/tex/generic/pgf/utilities/pgfkeys.code.tex)
) (/usr/local/texlive/2016/texmf-dist/tex/latex/pgf/math/pgfmath.sty
(/usr/local/texlive/2016/texmf-dist/tex/generic/pgf/math/pgfmath.code.tex))
(/usr/local/texlive/2016/texmf-dist/tex/generic/pgf/utilities/pgffor.code.tex
Package: pgffor 2013/12/13 v3.0.1a (rcs-revision 1.25)

(/usr/local/texlive/2016/texmf-dist/tex/generic/pgf/math/pgfmath.code.tex)
\pgffor@iter=\dimen275
\pgffor@skip=\dimen276
\pgffor@stack=\toks48
\pgffor@toks=\toks49
))
(/usr/local/texlive/2016/texmf-dist/tex/generic/pgf/frontendlayer/tikz/tikz.cod
e.tex
Package: tikz 2015/08/07 v3.0.1a (rcs-revision 1.151)

(/usr/local/texlive/2016/texmf-dist/tex/generic/pgf/libraries/pgflibraryplothan
dlers.code.tex
File: pgflibraryplothandlers.code.tex 2013/08/31 v3.0.1a (rcs-revision 1.20)
\pgf@plot@mark@count=\count156
\pgfplotmarksize=\dimen277
)
\tikz@lastx=\dimen278
\tikz@lasty=\dimen279
\tikz@lastxsaved=\dimen280
\tikz@lastysaved=\dimen281
\tikzleveldistance=\dimen282
\tikzsiblingdistance=\dimen283
\tikz@figbox=\box41
\tikz@figbox@bg=\box42
\tikz@tempbox=\box43
\tikz@tempbox@bg=\box44
\tikztreelevel=\count157
\tikznumberofchildren=\count158
\tikznumberofcurrentchild=\count159
\tikz@fig@count=\count160

(/usr/local/texlive/2016/texmf-dist/tex/generic/pgf/modules/pgfmodulematrix.cod
e.tex
File: pgfmodulematrix.code.tex 2013/09/17  (rcs-revision 1.8)
\pgfmatrixcurrentrow=\count161
\pgfmatrixcurrentcolumn=\count162
\pgf@matrix@numberofcolumns=\count163
)
\tikz@expandcount=\count164

(/usr/local/texlive/2016/texmf-dist/tex/generic/pgf/frontendlayer/tikz/librarie
s/tikzlibrarytopaths.code.tex
File: tikzlibrarytopaths.code.tex 2008/06/17 v3.0.1a (rcs-revision 1.2)
)))
(/usr/local/texlive/2016/texmf-dist/tex/latex/multirow/multirow.sty
\bigstrutjot=\dimen284
)
(/usr/local/texlive/2016/texmf-dist/tex/latex/tools/array.sty
Package: array 2014/10/28 v2.4c Tabular extension package (FMi)
\col@sep=\dimen285
\extrarowheight=\dimen286
\NC@list=\toks50
\extratabsurround=\skip68
\backup@length=\skip69
)
(/usr/local/texlive/2016/texmf-dist/tex/generic/pgf/frontendlayer/tikz/librarie
s/tikzlibraryarrows.code.tex
File: tikzlibraryarrows.code.tex 2008/01/09 v3.0.1a (rcs-revision 1.1)

(/usr/local/texlive/2016/texmf-dist/tex/generic/pgf/libraries/pgflibraryarrows.
code.tex
File: pgflibraryarrows.code.tex 2013/09/23 v3.0.1a (rcs-revision 1.16)
\arrowsize=\dimen287
))
(/usr/local/texlive/2016/texmf-dist/tex/generic/pgf/frontendlayer/tikz/librarie
s/tikzlibraryshapes.code.tex
File: tikzlibraryshapes.code.tex 2008/01/09 v3.0.1a (rcs-revision 1.1)

(/usr/local/texlive/2016/texmf-dist/tex/generic/pgf/frontendlayer/tikz/librarie
s/tikzlibraryshapes.geometric.code.tex
File: tikzlibraryshapes.geometric.code.tex 2008/01/09 v3.0.1a (rcs-revision 1.1
)

(/usr/local/texlive/2016/texmf-dist/tex/generic/pgf/libraries/shapes/pgflibrary
shapes.geometric.code.tex
File: pgflibraryshapes.geometric.code.tex 2008/06/26 v3.0.1a (rcs-revision 1.1)

))
(/usr/local/texlive/2016/texmf-dist/tex/generic/pgf/frontendlayer/tikz/librarie
s/tikzlibraryshapes.misc.code.tex
File: tikzlibraryshapes.misc.code.tex 2008/01/09 v3.0.1a (rcs-revision 1.1)

(/usr/local/texlive/2016/texmf-dist/tex/generic/pgf/libraries/shapes/pgflibrary
shapes.misc.code.tex
File: pgflibraryshapes.misc.code.tex 2013/07/18 v3.0.1a (rcs-revision 1.5)
))
(/usr/local/texlive/2016/texmf-dist/tex/generic/pgf/frontendlayer/tikz/librarie
s/tikzlibraryshapes.symbols.code.tex
File: tikzlibraryshapes.symbols.code.tex 2008/01/09 v3.0.1a (rcs-revision 1.1)

(/usr/local/texlive/2016/texmf-dist/tex/generic/pgf/libraries/shapes/pgflibrary
shapes.symbols.code.tex
File: pgflibraryshapes.symbols.code.tex 2013/09/11 v3.0.1a (rcs-revision 1.6)
))
(/usr/local/texlive/2016/texmf-dist/tex/generic/pgf/frontendlayer/tikz/librarie
s/tikzlibraryshapes.arrows.code.tex
File: tikzlibraryshapes.arrows.code.tex 2008/01/09 v3.0.1a (rcs-revision 1.1)

(/usr/local/texlive/2016/texmf-dist/tex/generic/pgf/libraries/shapes/pgflibrary
shapes.arrows.code.tex
File: pgflibraryshapes.arrows.code.tex 2008/06/26 v3.0.1a (rcs-revision 1.1)
))
(/usr/local/texlive/2016/texmf-dist/tex/generic/pgf/frontendlayer/tikz/librarie
s/tikzlibraryshapes.callouts.code.tex
(/usr/local/texlive/2016/texmf-dist/tex/generic/pgf/libraries/shapes/pgflibrary
shapes.callouts.code.tex))
(/usr/local/texlive/2016/texmf-dist/tex/generic/pgf/frontendlayer/tikz/librarie
s/tikzlibraryshapes.multipart.code.tex
File: tikzlibraryshapes.multipart.code.tex 2008/01/09 v3.0.1a (rcs-revision 1.1
)

(/usr/local/texlive/2016/texmf-dist/tex/generic/pgf/libraries/shapes/pgflibrary
shapes.multipart.code.tex
File: pgflibraryshapes.multipart.code.tex 2010/01/07 v3.0.1a (rcs-revision 1.2)

\pgfnodepartlowerbox=\box45
\pgfnodeparttwobox=\box46
\pgfnodepartthreebox=\box47
\pgfnodepartfourbox=\box48
\pgfnodeparttwentybox=\box49
\pgfnodepartnineteenbox=\box50
\pgfnodeparteighteenbox=\box51
\pgfnodepartseventeenbox=\box52
\pgfnodepartsixteenbox=\box53
\pgfnodepartfifteenbox=\box54
\pgfnodepartfourteenbox=\box55
\pgfnodepartthirteenbox=\box56
\pgfnodeparttwelvebox=\box57
\pgfnodepartelevenbox=\box58
\pgfnodeparttenbox=\box59
\pgfnodepartninebox=\box60
\pgfnodeparteightbox=\box61
\pgfnodepartsevenbox=\box62
\pgfnodepartsixbox=\box63
\pgfnodepartfivebox=\box64
)))
(/usr/local/texlive/2016/texmf-dist/tex/latex/graphics/epsfig.sty
Package: epsfig 1999/02/16 v1.7a (e)psfig emulation (SPQR)
\epsfxsize=\dimen288
\epsfysize=\dimen289
)
(/usr/local/texlive/2016/texmf-dist/tex/latex/pst-grad/pst-grad.sty
(/usr/local/texlive/2016/texmf-dist/tex/latex/pstricks/pstricks.sty
Package: pstricks 2015/11/14 v0.62 LaTeX wrapper for `PSTricks' (RN,HV)

(/usr/local/texlive/2016/texmf-dist/tex/generic/pstricks/pstricks.tex
(/usr/local/texlive/2016/texmf-dist/tex/generic/xkeyval/pst-xkey.tex
File: pst-xkey.tex 2005/11/25 v1.6 PSTricks specialization of xkeyval (HA)

(/usr/local/texlive/2016/texmf-dist/tex/latex/xkeyval/xkeyval.sty
Package: xkeyval 2014/12/03 v2.7a package option processing (HA)

(/usr/local/texlive/2016/texmf-dist/tex/generic/xkeyval/xkeyval.tex
(/usr/local/texlive/2016/texmf-dist/tex/generic/xkeyval/xkvutils.tex
\XKV@toks=\toks51
\XKV@tempa@toks=\toks52
)
\XKV@depth=\count165
File: xkeyval.tex 2014/12/03 v2.7a key=value parser (HA)
)))
(/usr/local/texlive/2016/texmf-dist/tex/generic/pstricks/pst-fp.tex
`pst-fp' v0.05, 2010/01/17 (hv)
\pstFP@xs=\count166
\pstFP@xia=\count167
\pstFP@xib=\count168
\pstFP@xfa=\count169
\pstFP@xfb=\count170
\pstFP@rega=\count171
\pstFP@regb=\count172
\pstFP@regs=\count173
\pstFP@times=\count174
)
(/usr/local/texlive/2016/texmf-dist/tex/generic/pgf/utilities/pgfutil-common.te
x
\pgfutil@everybye=\toks53
\pgfutil@tempdima=\dimen290
\pgfutil@tempdimb=\dimen291

(/usr/local/texlive/2016/texmf-dist/tex/generic/pgf/utilities/pgfutil-common-li
sts.tex))
(/usr/local/texlive/2016/texmf-dist/tex/generic/pgf/utilities/pgfkeys.code.tex)
(/usr/local/texlive/2016/texmf-dist/tex/generic/pgf/utilities/pgffor.code.tex
(/usr/local/texlive/2016/texmf-dist/tex/generic/pgf/math/pgfmath.code.tex)
\pgffor@iter=\dimen292
\pgffor@skip=\dimen293
\pgffor@stack=\toks54
\pgffor@toks=\toks55
)
\psLoopIndex=\count175

`PSTricks' v2.66  <2016/05/18> (tvz)
\pst@dima=\dimen294
\pst@dimb=\dimen295
\pst@dimc=\dimen296
\pst@dimd=\dimen297
\pst@dimg=\dimen298
\pst@dimh=\dimen299
\pst@dimm=\dimen300
\pst@dimn=\dimen301
\pst@dimo=\dimen302
\pst@dimp=\dimen303
\pst@hbox=\box65
\pst@ibox=\box66
\pst@boxg=\box67
\pst@cnta=\count176
\pst@cntb=\count177
\pst@cntc=\count178
\pst@cntd=\count179
\pst@cntg=\count180
\pst@cnth=\count181
\pst@cntm=\count182
\pst@cntn=\count183
\pst@cnto=\count184
\pst@cntp=\count185
\@zero=\count186
\pst@toks=\toks56
(/usr/local/texlive/2016/texmf-dist/tex/generic/pstricks/pstricks.con)
\psunit=\dimen304
\psxunit=\dimen305
\psyunit=\dimen306
\pst@C@@rType=\count187
\pslinewidth=\dimen307
\psk@startLW=\dimen308
\psk@endLW=\dimen309
\pst@customdefs=\toks57
\pslinearc=\dimen310
\pst@symbolStep=\dimen311
\pst@symbolWidth=\dimen312
\pst@symbolLinewidth=\dimen313
\everypsbox=\toks58
\psframesep=\dimen314
\pslabelsep=\dimen315
\sh@wgridXunit=\dimen316
\sh@wgridYunit=\dimen317
\pst@shift=\dimen318
)
File: pstricks.tex 2016/05/18 v2.66 `PSTricks' (tvz,hv)

(/usr/local/texlive/2016/texmf-dist/tex/generic/pstricks/pst-fp.tex)
File: pst-fp.tex 2016/05/18 v2.66 `PST-fp' (hv)
)
Package: pst-grad 2004/07/15 package wrapper for pst-grad.tex (hv)

(/usr/local/texlive/2016/texmf-dist/tex/generic/pst-grad/pst-grad.tex
`pst-grad' v1.06, 2006/11/27 (tvz,dg,hv))
File: pst-grad.tex 2006/11/27 1.06 `pst-grad' (tvz)
)
(/usr/local/texlive/2016/texmf-dist/tex/latex/pst-plot/pst-plot.sty
Package: pst-plot 2011/06/05 v1.00 LaTeX wrapper for `pst-plot' (HV)

(/usr/local/texlive/2016/texmf-dist/tex/latex/xkeyval/pst-xkey.sty
Package: pst-xkey 2005/11/25 v1.6 package wrapper for pst-xkey.tex (HA)
)
(/usr/local/texlive/2016/texmf-dist/tex/latex/multido/multido.sty
Package: multido 2004/05/17 package wrapper for PSTricks `multido.tex', (HV/RN)


(/usr/local/texlive/2016/texmf-dist/tex/generic/multido/multido.tex
 v1.42, 2010/05/14 <tvz>
\multido@count=\count188
\multidocount=\count189
\multido@stuff=\toks59
)
File: multido.tex 2010/05/14 v1.42 `multido' (tvz,hv)
)
Package: pst-plot 2011/04/13 package wrapper for pst-plot.tex (hv)

(/usr/local/texlive/2016/texmf-dist/tex/generic/pst-plot/pst-plot.tex
(/usr/local/texlive/2016/texmf-dist/tex/generic/pst-tools/pst-tools.tex
`PST-tools' v0.05, 2014/05/12 (hv))
(/usr/local/texlive/2016/texmf-dist/tex/generic/pstricks-add/pstricks-add.tex
(/usr/local/texlive/2016/texmf-dist/tex/generic/pst-node/pst-node.tex
 v1.36, 2016/04/24
\psrow=\count190
\pscol=\count191
\psmatrixcnt=\count192
\psrowsep=\skip70
\pscolsep=\skip71
\pst@args=\count193
\num@pts=\count194
\pst@argcnt=\count195
)
(/usr/local/texlive/2016/texmf-dist/tex/generic/pst-3d/pst-3d.tex
`PST-3d' v1.11, 2010/02/14 (tvz))
(/usr/local/texlive/2016/texmf-dist/tex/generic/pst-math/pst-math.tex
`pst-math' v0.63 , (CJ,hv)) `pstricks-add' v3.80, 2016/04/25 (dr,hv)
\psparallelogramsep=\dimen319
\pshooklength=\dimen320
\pshookwidth=\dimen321
\pst@cntC=\count196
\chart@ColorIndex=\dimen322
\chart@ColorStep=\dimen323
\pst@chartHeight=\dimen324
\pst@chartStackDepth=\dimen325
\pst@chartStackWidth=\dimen326
\chart@Toggle=\count197
\psVectorCtr=\count198
)
 v1.75, 2016/05/18 (tvz,hv)
\pstRadUnit=\dimen327
\pstRadUnitInv=\dimen328
\pst@linecnt=\count199
\RCD@file=\read3
\psxlabelsep=\dimen329
\psylabelsep=\dimen330
\psk@subticksize=\dimen331
\pst@xticksizeA=\dimen332
\pst@xticksizeB=\dimen333
\pst@xticksizeC=\dimen334
\pst@yticksizeA=\dimen335
\pst@yticksizeB=\dimen336
\pst@yticksizeC=\dimen337
Normal \count register pool exhausted, switching to extended pool.
\@digitcounter=\count277
\psk@llx=\dimen338
\psk@lly=\dimen339
\psk@urx=\dimen340
\psk@ury=\dimen341
\pst@xunit=\dimen342
\pst@yunit=\dimen343
)
File: pst-plot.tex 2016/05/18 1.75 `pst-plot' (tvz,hv)
)
(/usr/local/texlive/2016/texmf-dist/tex/latex/auto-pst-pdf/auto-pst-pdf.sty
Package: auto-pst-pdf 2009/04/26 v0.6 Wrapper for pst-pdf

(/usr/local/texlive/2016/texmf-dist/tex/latex/ifplatform/ifplatform.sty
Package: ifplatform 2010/10/22 v0.4 Testing for the operating system

(/usr/local/texlive/2016/texmf-dist/tex/generic/oberdiek/catchfile.sty
Package: catchfile 2016/05/16 v1.7 Catch the contents of a file (HO)
)
runsystem(uname -s > "main.w18")...executed.


(./main.w18)
runsystem(rm -- "main.w18")...executed.

)
\c@app@runs=\count278
runsystem(echo " ")...executed.

runsystem(echo "-------------------------------------------------")...executed.

runsystem(echo "auto-pst-pdf: Auxiliary LaTeX compilation")...executed.

runsystem(echo "-------------------------------------------------")...executed.

runsystem(latex -no-shell-escape -jobname="main-autopp" -interaction=batchmode 
 "\let \APPmakepictures \empty \input  main.tex")...executed.

runsystem(dvips -Ppdf -o "main-autopp.ps" "main-autopp.dvi")...executed.

runsystem(ps2pdf -dAutoRotatePages=/None "main-autopp.ps" "main-autopp.pdf")...
executed.

runsystem(pdfcrop  "main-autopp.pdf" "main-pics.pdf")...executed.

runsystem(rm -- "main-autopp.log")...executed.

runsystem(rm -- "main-autopp.dvi")...executed.

runsystem(rm -- "main-autopp.ps")...executed.

runsystem(rm -- "main-autopp.pdf")...executed.

runsystem(echo "-------------------------------------------------")...executed.

runsystem(echo "auto-pst-pdf: End auxiliary LaTeX compilation")...executed.

runsystem(echo "-------------------------------------------------")...executed.

 (/usr/local/texlive/2016/texmf-dist/tex/latex/pst-pdf/pst-pdf.sty
Package: pst-pdf 2008/10/09 v1.1v PS graphics for pdfLaTeX (RN,HjG)
\c@pspicture=\count279
Package pst-pdf Info: MODE: 1 (pdfTeX mode) on input line 214.
\ppf@output=\toks60
(/usr/local/texlive/2016/texmf-dist/tex/latex/preview/preview.sty
Package: preview 2010/02/14 11.89 (AUCTeX/preview-latex)
\pr@snippet=\count280
\pr@box=\box68
\pr@output=\toks61
)
(/usr/local/texlive/2016/texmf-dist/tex/latex/graphics/dvips.def
File: dvips.def 2015/12/30 v3.0k Driver-dependent file (DPC,SPQR)
)
(/usr/local/texlive/2016/texmf-dist/tex/latex/environ/environ.sty
Package: environ 2014/05/04 v0.3 A new way to define environments

(/usr/local/texlive/2016/texmf-dist/tex/latex/trimspaces/trimspaces.sty
Package: trimspaces 2009/09/17 v1.1 Trim spaces around a token list
))))
(/usr/local/texlive/2016/texmf-dist/tex/latex/algorithms/algorithm.sty
Package: algorithm 2009/08/24 v0.1 Document Style `algorithm' - floating enviro
nment

(/usr/local/texlive/2016/texmf-dist/tex/latex/float/float.sty
Package: float 2001/11/08 v1.3d Float enhancements (AL)
\c@float@type=\count281
\float@exts=\toks62
\float@box=\box69
\@float@everytoks=\toks63
\@floatcapt=\box70
)
(/usr/local/texlive/2016/texmf-dist/tex/latex/base/ifthen.sty
Package: ifthen 2014/09/29 v1.1c Standard LaTeX ifthen package (DPC)
)
\@float@every@algorithm=\toks64
\c@algorithm=\count282
))
(/usr/local/texlive/2016/texmf-dist/tex/latex/algorithms/algorithmic.sty
Package: algorithmic 2009/08/24 v0.1 Document Style `algorithmic'
\c@ALC@unique=\count283
\c@ALC@line=\count284
\c@ALC@rem=\count285
\c@ALC@depth=\count286
\ALC@tlm=\skip72
\algorithmicindent=\skip73
)
No file main.aux.
\openout1 = `main.aux'.

LaTeX Font Info:    Checking defaults for OML/cmm/m/it on input line 3.
LaTeX Font Info:    ... okay on input line 3.
LaTeX Font Info:    Checking defaults for T1/cmr/m/n on input line 3.
LaTeX Font Info:    ... okay on input line 3.
LaTeX Font Info:    Checking defaults for OT1/cmr/m/n on input line 3.
LaTeX Font Info:    ... okay on input line 3.
LaTeX Font Info:    Checking defaults for OMS/cmsy/m/n on input line 3.
LaTeX Font Info:    ... okay on input line 3.
LaTeX Font Info:    Checking defaults for OMX/cmex/m/n on input line 3.
LaTeX Font Info:    ... okay on input line 3.
LaTeX Font Info:    Checking defaults for U/cmr/m/n on input line 3.
LaTeX Font Info:    ... okay on input line 3.
LaTeX Font Info:    Checking defaults for PD1/pdf/m/n on input line 3.
LaTeX Font Info:    ... okay on input line 3.
LaTeX Font Info:    Try loading font information for OT1+ppl on input line 3.
(/usr/local/texlive/2016/texmf-dist/tex/latex/psnfss/ot1ppl.fd
File: ot1ppl.fd 2001/06/04 font definitions for OT1/ppl.
)
LaTeX Info: Redefining \. on input line 3.
LaTeX Info: Redefining \% on input line 3.

*geometry* driver: auto-detecting
*geometry* detected driver: pdftex
*geometry* verbose mode - [ preamble ] result:
* driver: pdftex
* paper: <default>
* layout: <same size as paper>
* layoutoffset:(h,v)=(0.0pt,0.0pt)
* modes: 
* h-part:(L,W,R)=(71.13188pt, 472.03123pt, 71.13188pt)
* v-part:(T,H,B)=(95.39737pt, 556.47656pt, 143.09605pt)
* \paperwidth=614.295pt
* \paperheight=794.96999pt
* \textwidth=472.03123pt
* \textheight=556.47656pt
* \oddsidemargin=-1.1381pt
* \evensidemargin=-1.1381pt
* \topmargin=-13.87262pt
* \headheight=12.0pt
* \headsep=25.0pt
* \topskip=10.0pt
* \footskip=30.0pt
* \marginparwidth=65.0pt
* \marginparsep=11.0pt
* \columnsep=10.0pt
* \skip\footins=9.0pt plus 4.0pt minus 2.0pt
* \hoffset=0.0pt
* \voffset=0.0pt
* \mag=1000
* \@twocolumnfalse
* \@twosidefalse
* \@mparswitchfalse
* \@reversemarginfalse
* (1in=72.27pt=25.4mm, 1cm=28.453pt)

(/usr/local/texlive/2016/texmf-dist/tex/context/base/mkii/supp-pdf.mkii
[Loading MPS to PDF converter (version 2006.09.02).]
\scratchcounter=\count287
\scratchdimen=\dimen344
\scratchbox=\box71
\nofMPsegments=\count288
\nofMParguments=\count289
\everyMPshowfont=\toks65
\MPscratchCnt=\count290
\MPscratchDim=\dimen345
\MPnumerator=\count291
\makeMPintoPDFobject=\count292
\everyMPtoPDFconversion=\toks66
)
\AtBeginShipoutBox=\box72
Package hyperref Info: Link coloring ON on input line 3.
 (/usr/local/texlive/2016/texmf-dist/tex/latex/hyperref/nameref.sty
Package: nameref 2012/10/27 v2.43 Cross-referencing by name of section

(/usr/local/texlive/2016/texmf-dist/tex/generic/oberdiek/gettitlestring.sty
Package: gettitlestring 2016/05/16 v1.5 Cleanup title references (HO)
)
\c@section@level=\count293
)
LaTeX Info: Redefining \ref on input line 3.
LaTeX Info: Redefining \pageref on input line 3.
LaTeX Info: Redefining \nameref on input line 3.

(./main.out) (./main.out)
\@outlinefile=\write7
\openout7 = `main.out'.

\c@lstlisting=\count294
Package caption Info: Begin \AtBeginDocument code.
Package caption Info: subfig package v1.3 is loaded.
Package caption Info: float package is loaded.
Package caption Info: End \AtBeginDocument code.
LaTeX Font Info:    Try loading font information for U+msa on input line 3.

(/usr/local/texlive/2016/texmf-dist/tex/latex/amsfonts/umsa.fd
File: umsa.fd 2013/01/14 v3.01 AMS symbols A
)
LaTeX Font Info:    Try loading font information for U+msb on input line 3.

(/usr/local/texlive/2016/texmf-dist/tex/latex/amsfonts/umsb.fd
File: umsb.fd 2013/01/14 v3.01 AMS symbols B
)
Package xypdf Info: Line width: 0.39998pt on input line 3.

ABD: EveryShipout initializing macros
Preview: Fontsize 10pt
Preview: PDFoutput 1
(./seccion9.tex
LaTeX Font Info:    Font shape `OT1/ppl/bx/n' in size <14.4> not available
(Font)              Font shape `OT1/ppl/b/n' tried instead on input line 1.
Package babel Info: Redefining spanish shorthand <<
(babel)             in language  on input line 1.
Package babel Info: Redefining spanish shorthand >>
(babel)             in language  on input line 1.
Package babel Info: Redefining spanish shorthand "=
(babel)             in language  on input line 1.
Package babel Info: Redefining spanish shorthand "~
(babel)             in language  on input line 1.
Package babel Info: Redefining spanish shorthand "!
(babel)             in language  on input line 1.
Package babel Info: Redefining spanish shorthand "?
(babel)             in language  on input line 1.
LaTeX Font Info:    Font shape `OT1/ppl/bx/n' in size <10> not available
(Font)              Font shape `OT1/ppl/b/n' tried instead on input line 5.
 <seccion9/graficos/G1-1.png, id=36, 614.7768pt x 208.3785pt>
File: seccion9/graficos/G1-1.png Graphic file (type png)

<use seccion9/graficos/G1-1.png>
Package pdftex.def Info: seccion9/graficos/G1-1.png used on input line 8.
(pdftex.def)             Requested size: 461.08145pt x 156.28348pt.

<main-pics.pdf, id=38, page=1, 256.96pt x 200.75pt>
File: main-pics.pdf Graphic file (type pdf)

<use main-pics.pdf, page 1>
Package pdftex.def Info: main-pics.pdf, page1 used on input line 36.
(pdftex.def)             Requested size: 256.95937pt x 200.7495pt.
LaTeX Info: Redefining \. on input line 42.
LaTeX Info: Redefining \% on input line 42.


Package Fancyhdr Warning: \headheight is too small (12.0pt): 
 Make it at least 12.82996pt.
 We now make it that large for the rest of the document.
 This may cause the page layout to be inconsistent, however.

Package babel Info: Redefining spanish shorthand <<
(babel)             in language  on input line 42.
Package babel Info: Redefining spanish shorthand >>
(babel)             in language  on input line 42.
Package babel Info: Redefining spanish shorthand "=
(babel)             in language  on input line 42.
Package babel Info: Redefining spanish shorthand "~
(babel)             in language  on input line 42.
Package babel Info: Redefining spanish shorthand "!
(babel)             in language  on input line 42.
Package babel Info: Redefining spanish shorthand "?
(babel)             in language  on input line 42.
Package babel Info: Redefining spanish shorthand <<
(babel)             in language  on input line 42.
Package babel Info: Redefining spanish shorthand >>
(babel)             in language  on input line 42.
Package babel Info: Redefining spanish shorthand "=
(babel)             in language  on input line 42.
Package babel Info: Redefining spanish shorthand "~
(babel)             in language  on input line 42.
Package babel Info: Redefining spanish shorthand "!
(babel)             in language  on input line 42.
Package babel Info: Redefining spanish shorthand "?
(babel)             in language  on input line 42.
[1{/usr/local/texlive/2016/texmf-var/fonts/map/pdftex/updmap/pdftex.map}



Non-PDF special ignored!
Non-PDF special ignored!
Non-PDF special ignored!
Non-PDF special ignored!

 <./seccion9/graficos/G1-1.png> <./main-pics.pdf>]
LaTeX Font Info:    Font shape `OT1/ppl/bx/n' in size <12> not available
(Font)              Font shape `OT1/ppl/b/n' tried instead on input line 48.
Package babel Info: Redefining spanish shorthand <<
(babel)             in language  on input line 48.
Package babel Info: Redefining spanish shorthand >>
(babel)             in language  on input line 48.
Package babel Info: Redefining spanish shorthand "=
(babel)             in language  on input line 48.
Package babel Info: Redefining spanish shorthand "~
(babel)             in language  on input line 48.
Package babel Info: Redefining spanish shorthand "!
(babel)             in language  on input line 48.
Package babel Info: Redefining spanish shorthand "?
(babel)             in language  on input line 48.
Package babel Info: Redefining spanish shorthand <<
(babel)             in language  on input line 80.
Package babel Info: Redefining spanish shorthand >>
(babel)             in language  on input line 80.
Package babel Info: Redefining spanish shorthand "=
(babel)             in language  on input line 80.
Package babel Info: Redefining spanish shorthand "~
(babel)             in language  on input line 80.
Package babel Info: Redefining spanish shorthand "!
(babel)             in language  on input line 80.
Package babel Info: Redefining spanish shorthand "?
(babel)             in language  on input line 80.
LaTeX Info: Redefining \. on input line 94.
LaTeX Info: Redefining \% on input line 94.


Package Fancyhdr Warning: \headheight is too small (12.0pt): 
 Make it at least 12.82996pt.
 We now make it that large for the rest of the document.
 This may cause the page layout to be inconsistent, however.

Package babel Info: Redefining spanish shorthand <<
(babel)             in language  on input line 94.
Package babel Info: Redefining spanish shorthand >>
(babel)             in language  on input line 94.
Package babel Info: Redefining spanish shorthand "=
(babel)             in language  on input line 94.
Package babel Info: Redefining spanish shorthand "~
(babel)             in language  on input line 94.
Package babel Info: Redefining spanish shorthand "!
(babel)             in language  on input line 94.
Package babel Info: Redefining spanish shorthand "?
(babel)             in language  on input line 94.
Package babel Info: Redefining spanish shorthand <<
(babel)             in language  on input line 94.
Package babel Info: Redefining spanish shorthand >>
(babel)             in language  on input line 94.
Package babel Info: Redefining spanish shorthand "=
(babel)             in language  on input line 94.
Package babel Info: Redefining spanish shorthand "~
(babel)             in language  on input line 94.
Package babel Info: Redefining spanish shorthand "!
(babel)             in language  on input line 94.
Package babel Info: Redefining spanish shorthand "?
(babel)             in language  on input line 94.
[2] <main-pics.pdf, id=71, page=2, 186.6975pt x 147.55125pt>
File: main-pics.pdf Graphic file (type pdf)

<use main-pics.pdf, page 2>
Package pdftex.def Info: main-pics.pdf, page2 used on input line 135.
(pdftex.def)             Requested size: 186.69704pt x 147.55087pt.

Overfull \vbox (51.5072pt too high) detected at line 135
 []

<main-pics.pdf, id=72, page=3, 169.63374pt x 145.54375pt>
File: main-pics.pdf Graphic file (type pdf)

<use main-pics.pdf, page 3>
Package pdftex.def Info: main-pics.pdf, page3 used on input line 164.
(pdftex.def)             Requested size: 169.63332pt x 145.54338pt.

Overfull \hbox (65.14099pt too wide) in paragraph at lines 164--164
[]|[]| 
 []

<main-pics.pdf, id=73, page=4, 169.63374pt x 145.54375pt>
File: main-pics.pdf Graphic file (type pdf)

<use main-pics.pdf, page 4>
Package pdftex.def Info: main-pics.pdf, page4 used on input line 188.
(pdftex.def)             Requested size: 169.63332pt x 145.54338pt.

<seccion9/graficos/G3-4.png, id=74, 1043.9pt x 554.07pt>
File: seccion9/graficos/G3-4.png Graphic file (type png)

<use seccion9/graficos/G3-4.png>
Package pdftex.def Info: seccion9/graficos/G3-4.png used on input line 205.
(pdftex.def)             Requested size: 260.97435pt x 138.51715pt.
LaTeX Info: Redefining \. on input line 218.
LaTeX Info: Redefining \% on input line 218.


Package Fancyhdr Warning: \headheight is too small (12.0pt): 
 Make it at least 12.82996pt.
 We now make it that large for the rest of the document.
 This may cause the page layout to be inconsistent, however.

Package babel Info: Redefining spanish shorthand <<
(babel)             in language  on input line 218.
Package babel Info: Redefining spanish shorthand >>
(babel)             in language  on input line 218.
Package babel Info: Redefining spanish shorthand "=
(babel)             in language  on input line 218.
Package babel Info: Redefining spanish shorthand "~
(babel)             in language  on input line 218.
Package babel Info: Redefining spanish shorthand "!
(babel)             in language  on input line 218.
Package babel Info: Redefining spanish shorthand "?
(babel)             in language  on input line 218.
Package babel Info: Redefining spanish shorthand <<
(babel)             in language  on input line 218.
Package babel Info: Redefining spanish shorthand >>
(babel)             in language  on input line 218.
Package babel Info: Redefining spanish shorthand "=
(babel)             in language  on input line 218.
Package babel Info: Redefining spanish shorthand "~
(babel)             in language  on input line 218.
Package babel Info: Redefining spanish shorthand "!
(babel)             in language  on input line 218.
Package babel Info: Redefining spanish shorthand "?
(babel)             in language  on input line 218.
[3 <./main-pics.pdf> <./main-pics.pdf> <./main-pics.pdf> <./seccion9/graficos/G
3-4.png>] <seccion9/graficos/G4-1.png, id=123, 336.7782pt x 208.3785pt>
File: seccion9/graficos/G4-1.png Graphic file (type png)

<use seccion9/graficos/G4-1.png>
Package pdftex.def Info: seccion9/graficos/G4-1.png used on input line 239.
(pdftex.def)             Requested size: 218.90323pt x 135.4444pt.

Overfull \hbox (161.99773pt too wide) in paragraph at lines 239--239
[]|[]| 
 []

<main-pics.pdf, id=124, page=5, 270.00874pt x 134.5025pt>
File: main-pics.pdf Graphic file (type pdf)

<use main-pics.pdf, page 5>
Package pdftex.def Info: main-pics.pdf, page5 used on input line 269.
(pdftex.def)             Requested size: 270.00807pt x 134.50215pt.

Overfull \hbox (135.5993pt too wide) in paragraph at lines 269--269
[]|[]| 
 []

LaTeX Info: Redefining \. on input line 289.
LaTeX Info: Redefining \% on input line 289.

Package Fancyhdr Warning: \headheight is too small (12.0pt): 
 Make it at least 12.82996pt.
 We now make it that large for the rest of the document.
 This may cause the page layout to be inconsistent, however.

Package babel Info: Redefining spanish shorthand <<
(babel)             in language  on input line 289.
Package babel Info: Redefining spanish shorthand >>
(babel)             in language  on input line 289.
Package babel Info: Redefining spanish shorthand "=
(babel)             in language  on input line 289.
Package babel Info: Redefining spanish shorthand "~
(babel)             in language  on input line 289.
Package babel Info: Redefining spanish shorthand "!
(babel)             in language  on input line 289.
Package babel Info: Redefining spanish shorthand "?
(babel)             in language  on input line 289.
Package babel Info: Redefining spanish shorthand <<
(babel)             in language  on input line 289.
Package babel Info: Redefining spanish shorthand >>
(babel)             in language  on input line 289.
Package babel Info: Redefining spanish shorthand "=
(babel)             in language  on input line 289.
Package babel Info: Redefining spanish shorthand "~
(babel)             in language  on input line 289.
Package babel Info: Redefining spanish shorthand "!
(babel)             in language  on input line 289.
Package babel Info: Redefining spanish shorthand "?
(babel)             in language  on input line 289.
[4 <./seccion9/graficos/G4-1.png> <./main-pics.pdf>]
Package babel Info: Redefining spanish shorthand <<
(babel)             in language  on input line 291.
Package babel Info: Redefining spanish shorthand >>
(babel)             in language  on input line 291.
Package babel Info: Redefining spanish shorthand "=
(babel)             in language  on input line 291.
Package babel Info: Redefining spanish shorthand "~
(babel)             in language  on input line 291.
Package babel Info: Redefining spanish shorthand "!
(babel)             in language  on input line 291.
Package babel Info: Redefining spanish shorthand "?
(babel)             in language  on input line 291.
LaTeX Info: Redefining \. on input line 343.
LaTeX Info: Redefining \% on input line 343.


Package Fancyhdr Warning: \headheight is too small (12.0pt): 
 Make it at least 12.82996pt.
 We now make it that large for the rest of the document.
 This may cause the page layout to be inconsistent, however.

Package babel Info: Redefining spanish shorthand <<
(babel)             in language  on input line 343.
Package babel Info: Redefining spanish shorthand >>
(babel)             in language  on input line 343.
Package babel Info: Redefining spanish shorthand "=
(babel)             in language  on input line 343.
Package babel Info: Redefining spanish shorthand "~
(babel)             in language  on input line 343.
Package babel Info: Redefining spanish shorthand "!
(babel)             in language  on input line 343.
Package babel Info: Redefining spanish shorthand "?
(babel)             in language  on input line 343.
Package babel Info: Redefining spanish shorthand <<
(babel)             in language  on input line 343.
Package babel Info: Redefining spanish shorthand >>
(babel)             in language  on input line 343.
Package babel Info: Redefining spanish shorthand "=
(babel)             in language  on input line 343.
Package babel Info: Redefining spanish shorthand "~
(babel)             in language  on input line 343.
Package babel Info: Redefining spanish shorthand "!
(babel)             in language  on input line 343.
Package babel Info: Redefining spanish shorthand "?
(babel)             in language  on input line 343.
[5]
LaTeX Info: Redefining \. on input line 414.
LaTeX Info: Redefining \% on input line 414.


Package Fancyhdr Warning: \headheight is too small (12.0pt): 
 Make it at least 12.82996pt.
 We now make it that large for the rest of the document.
 This may cause the page layout to be inconsistent, however.

Package babel Info: Redefining spanish shorthand <<
(babel)             in language  on input line 414.
Package babel Info: Redefining spanish shorthand >>
(babel)             in language  on input line 414.
Package babel Info: Redefining spanish shorthand "=
(babel)             in language  on input line 414.
Package babel Info: Redefining spanish shorthand "~
(babel)             in language  on input line 414.
Package babel Info: Redefining spanish shorthand "!
(babel)             in language  on input line 414.
Package babel Info: Redefining spanish shorthand "?
(babel)             in language  on input line 414.
Package babel Info: Redefining spanish shorthand <<
(babel)             in language  on input line 414.
Package babel Info: Redefining spanish shorthand >>
(babel)             in language  on input line 414.
Package babel Info: Redefining spanish shorthand "=
(babel)             in language  on input line 414.
Package babel Info: Redefining spanish shorthand "~
(babel)             in language  on input line 414.
Package babel Info: Redefining spanish shorthand "!
(babel)             in language  on input line 414.
Package babel Info: Redefining spanish shorthand "?
(babel)             in language  on input line 414.
[6]
\openout3 = `main.py'.

\openout4 = `latex.py'.

runsystem(cat  main.py | python > main.py.out 2> main.py.err)...executed.

 (./main.py.out <seccion9/graficos/fig2.pdf, id=160, 722.7pt x 505.89pt>
File: seccion9/graficos/fig2.pdf Graphic file (type pdf)

<use seccion9/graficos/fig2.pdf>
Package pdftex.def Info: seccion9/graficos/fig2.pdf used on input line 4.
(pdft
ex.def)             Requested size: 227.62204pt x 159.33302pt.
)

./seccion9.tex:517: LaTeX Error: There's no line here to end.

See the LaTeX manual or LaTeX Companion for explanation.
Type  H <return>  for immediate help.
 ...                                              
                                                  
l.517 \\
        
Your command was ignored.
Type  I <command> <return>  to replace it with another command,
or  <return>  to continue without it.

LaTeX Info: Redefining \. on input line 565.
LaTeX Info: Redefining \% on input line 565.

Package Fancyhdr Warning: \headheight is too small (12.0pt): 
 Make it at least 12.82996pt.
 We now make it that large for the rest of the document.
 This may cause the page layout to be inconsistent, however.

Package babel Info: Redefining spanish shorthand <<
(babel)             in language  on input line 565.
Package babel Info: Redefining spanish shorthand >>
(babel)             in language  on input line 565.
Package babel Info: Redefining spanish shorthand "=
(babel)             in language  on input line 565.
Package babel Info: Redefining spanish shorthand "~
(babel)             in language  on input line 565.
Package babel Info: Redefining spanish shorthand "!
(babel)             in language  on input line 565.
Package babel Info: Redefining spanish shorthand "?
(babel)             in language  on input line 565.
Package babel Info: Redefining spanish shorthand <<
(babel)             in language  on input line 565.
Package babel Info: Redefining spanish shorthand >>
(babel)             in language  on input line 565.
Package babel Info: Redefining spanish shorthand "=
(babel)             in language  on input line 565.
Package babel Info: Redefining spanish shorthand "~
(babel)             in language  on input line 565.
Package babel Info: Redefining spanish shorthand "!
(babel)             in language  on input line 565.
Package babel Info: Redefining spanish shorthand "?
(babel)             in language  on input line 565.
[7 <./seccion9/graficos/fig2.pdf>]
Package babel Info: Redefining spanish shorthand <<
(babel)             in language  on input line 568.
Package babel Info: Redefining spanish shorthand >>
(babel)             in language  on input line 568.
Package babel Info: Redefining spanish shorthand "=
(babel)             in language  on input line 568.
Package babel Info: Redefining spanish shorthand "~
(babel)             in language  on input line 568.
Package babel Info: Redefining spanish shorthand "!
(babel)             in language  on input line 568.
Package babel Info: Redefining spanish shorthand "?
(babel)             in language  on input line 568.
LaTeX Info: Redefining \. on input line 603.
LaTeX Info: Redefining \% on input line 603.


Package Fancyhdr Warning: \headheight is too small (12.0pt): 
 Make it at least 12.82996pt.
 We now make it that large for the rest of the document.
 This may cause the page layout to be inconsistent, however.

Package babel Info: Redefining spanish shorthand <<
(babel)             in language  on input line 603.
Package babel Info: Redefining spanish shorthand >>
(babel)             in language  on input line 603.
Package babel Info: Redefining spanish shorthand "=
(babel)             in language  on input line 603.
Package babel Info: Redefining spanish shorthand "~
(babel)             in language  on input line 603.
Package babel Info: Redefining spanish shorthand "!
(babel)             in language  on input line 603.
Package babel Info: Redefining spanish shorthand "?
(babel)             in language  on input line 603.
Package babel Info: Redefining spanish shorthand <<
(babel)             in language  on input line 603.
Package babel Info: Redefining spanish shorthand >>
(babel)             in language  on input line 603.
Package babel Info: Redefining spanish shorthand "=
(babel)             in language  on input line 603.
Package babel Info: Redefining spanish shorthand "~
(babel)             in language  on input line 603.
Package babel Info: Redefining spanish shorthand "!
(babel)             in language  on input line 603.
Package babel Info: Redefining spanish shorthand "?
(babel)             in language  on input line 603.
[8]
Package babel Info: Redefining spanish shorthand <<
(babel)             in language  on input line 605.
Package babel Info: Redefining spanish shorthand >>
(babel)             in language  on input line 605.
Package babel Info: Redefining spanish shorthand "=
(babel)             in language  on input line 605.
Package babel Info: Redefining spanish shorthand "~
(babel)             in language  on input line 605.
Package babel Info: Redefining spanish shorthand "!
(babel)             in language  on input line 605.
Package babel Info: Redefining spanish shorthand "?
(babel)             in language  on input line 605.
LaTeX Info: Redefining \. on input line 636.
LaTeX Info: Redefining \% on input line 636.


Package Fancyhdr Warning: \headheight is too small (12.0pt): 
 Make it at least 12.82996pt.
 We now make it that large for the rest of the document.
 This may cause the page layout to be inconsistent, however.

Package babel Info: Redefining spanish shorthand <<
(babel)             in language  on input line 636.
Package babel Info: Redefining spanish shorthand >>
(babel)             in language  on input line 636.
Package babel Info: Redefining spanish shorthand "=
(babel)             in language  on input line 636.
Package babel Info: Redefining spanish shorthand "~
(babel)             in language  on input line 636.
Package babel Info: Redefining spanish shorthand "!
(babel)             in language  on input line 636.
Package babel Info: Redefining spanish shorthand "?
(babel)             in language  on input line 636.
Package babel Info: Redefining spanish shorthand <<
(babel)             in language  on input line 636.
Package babel Info: Redefining spanish shorthand >>
(babel)             in language  on input line 636.
Package babel Info: Redefining spanish shorthand "=
(babel)             in language  on input line 636.
Package babel Info: Redefining spanish shorthand "~
(babel)             in language  on input line 636.
Package babel Info: Redefining spanish shorthand "!
(babel)             in language  on input line 636.
Package babel Info: Redefining spanish shorthand "?
(babel)             in language  on input line 636.
[9]
LaTeX Info: Redefining \. on input line 681.
LaTeX Info: Redefining \% on input line 681.


Package Fancyhdr Warning: \headheight is too small (12.0pt): 
 Make it at least 12.82996pt.
 We now make it that large for the rest of the document.
 This may cause the page layout to be inconsistent, however.

Package babel Info: Redefining spanish shorthand <<
(babel)             in language  on input line 681.
Package babel Info: Redefining spanish shorthand >>
(babel)             in language  on input line 681.
Package babel Info: Redefining spanish shorthand "=
(babel)             in language  on input line 681.
Package babel Info: Redefining spanish shorthand "~
(babel)             in language  on input line 681.
Package babel Info: Redefining spanish shorthand "!
(babel)             in language  on input line 681.
Package babel Info: Redefining spanish shorthand "?
(babel)             in language  on input line 681.
Package babel Info: Redefining spanish shorthand <<
(babel)             in language  on input line 681.
Package babel Info: Redefining spanish shorthand >>
(babel)             in language  on input line 681.
Package babel Info: Redefining spanish shorthand "=
(babel)             in language  on input line 681.
Package babel Info: Redefining spanish shorthand "~
(babel)             in language  on input line 681.
Package babel Info: Redefining spanish shorthand "!
(babel)             in language  on input line 681.
Package babel Info: Redefining spanish shorthand "?
(babel)             in language  on input line 681.
[10]
\openout3 = `main.py'.

\openout4 = `latex.py'.

runsystem(cat  main.py | python > main.py.out 2> main.py.err)...executed.

 (./main.py.out <seccion9/graficos/fig3.pdf, id=238, 722.7pt x 361.35pt>
File: seccion9/graficos/fig3.pdf Graphic file (type pdf)

<use seccion9/graficos/fig3.pdf>
Package pdftex.def Info: seccion9/graficos/fig3.pdf used on input line 4.
(pdft
ex.def)             Requested size: 512.1496pt x 256.07509pt.

Overfull \hbox (40.11836pt too wide) in paragraph at lines 4--6
 [][] 
 []

)
LaTeX Info: Redefining \. on input line 775.
LaTeX Info: Redefining \% on input line 775.


Package Fancyhdr Warning: \headheight is too small (12.0pt): 
 Make it at least 12.82996pt.
 We now make it that large for the rest of the document.
 This may cause the page layout to be inconsistent, however.

Package babel Info: Redefining spanish shorthand <<
(babel)             in language  on input line 775.
Package babel Info: Redefining spanish shorthand >>
(babel)             in language  on input line 775.
Package babel Info: Redefining spanish shorthand "=
(babel)             in language  on input line 775.
Package babel Info: Redefining spanish shorthand "~
(babel)             in language  on input line 775.
Package babel Info: Redefining spanish shorthand "!
(babel)             in language  on input line 775.
Package babel Info: Redefining spanish shorthand "?
(babel)             in language  on input line 775.
Package babel Info: Redefining spanish shorthand <<
(babel)             in language  on input line 775.
Package babel Info: Redefining spanish shorthand >>
(babel)             in language  on input line 775.
Package babel Info: Redefining spanish shorthand "=
(babel)             in language  on input line 775.
Package babel Info: Redefining spanish shorthand "~
(babel)             in language  on input line 775.
Package babel Info: Redefining spanish shorthand "!
(babel)             in language  on input line 775.
Package babel Info: Redefining spanish shorthand "?
(babel)             in language  on input line 775.
[11 <./seccion9/graficos/fig3.pdf>]
<seccion9/graficos/G12-1.png, id=295, 275.5896pt x 209.8239pt>
File: seccion9/graficos/G12-1.png Graphic file (type png)

<use seccion9/graficos/G12-1.png>
Package pdftex.def Info: seccion9/graficos/G12-1.png used on input line 780.
(pdftex.def)             Requested size: 220.47197pt x 167.85933pt.
LaTeX Info: Redefining \. on input line 799.
LaTeX Info: Redefining \% on input line 799.


Package Fancyhdr Warning: \headheight is too small (12.0pt): 
 Make it at least 12.82996pt.
 We now make it that large for the rest of the document.
 This may cause the page layout to be inconsistent, however.

Package babel Info: Redefining spanish shorthand <<
(babel)             in language  on input line 799.
Package babel Info: Redefining spanish shorthand >>
(babel)             in language  on input line 799.
Package babel Info: Redefining spanish shorthand "=
(babel)             in language  on input line 799.
Package babel Info: Redefining spanish shorthand "~
(babel)             in language  on input line 799.
Package babel Info: Redefining spanish shorthand "!
(babel)             in language  on input line 799.
Package babel Info: Redefining spanish shorthand "?
(babel)             in language  on input line 799.
Package babel Info: Redefining spanish shorthand <<
(babel)             in language  on input line 799.
Package babel Info: Redefining spanish shorthand >>
(babel)             in language  on input line 799.
Package babel Info: Redefining spanish shorthand "=
(babel)             in language  on input line 799.
Package babel Info: Redefining spanish shorthand "~
(babel)             in language  on input line 799.
Package babel Info: Redefining spanish shorthand "!
(babel)             in language  on input line 799.
Package babel Info: Redefining spanish shorthand "?
(babel)             in language  on input line 799.
[12 <./seccion9/graficos/G12-1.png>]
Package babel Info: Redefining spanish shorthand <<
(babel)             in language  on input line 800.
Package babel Info: Redefining spanish shorthand >>
(babel)             in language  on input line 800.
Package babel Info: Redefining spanish shorthand "=
(babel)             in language  on input line 800.
Package babel Info: Redefining spanish shorthand "~
(babel)             in language  on input line 800.
Package babel Info: Redefining spanish shorthand "!
(babel)             in language  on input line 800.
Package babel Info: Redefining spanish shorthand "?
(babel)             in language  on input line 800.


Package pst-pdf Warning: pspicture No. 6 undefined.

<seccion9/graficos/G13-1.png, id=301, 284.5029pt x 208.3785pt>
File: seccion9/graficos/G13-1.png Graphic file (type png)

<use seccion9/graficos/G13-1.png>
Package pdftex.def Info: seccion9/graficos/G13-1.png used on input line 851.
(pdftex.def)             Requested size: 184.92468pt x 135.4444pt.
)
LaTeX Info: Redefining \. on input line 6.
LaTeX Info: Redefining \% on input line 6.


Package Fancyhdr Warning: \headheight is too small (12.0pt): 
 Make it at least 12.82996pt.
 We now make it that large for the rest of the document.
 This may cause the page layout to be inconsistent, however.

Package babel Info: Redefining spanish shorthand <<
(babel)             in language  on input line 6.
Package babel Info: Redefining spanish shorthand >>
(babel)             in language  on input line 6.
Package babel Info: Redefining spanish shorthand "=
(babel)             in language  on input line 6.
Package babel Info: Redefining spanish shorthand "~
(babel)             in language  on input line 6.
Package babel Info: Redefining spanish shorthand "!
(babel)             in language  on input line 6.
Package babel Info: Redefining spanish shorthand "?
(babel)             in language  on input line 6.
Package babel Info: Redefining spanish shorthand <<
(babel)             in language  on input line 6.
Package babel Info: Redefining spanish shorthand >>
(babel)             in language  on input line 6.
Package babel Info: Redefining spanish shorthand "=
(babel)             in language  on input line 6.
Package babel Info: Redefining spanish shorthand "~
(babel)             in language  on input line 6.
Package babel Info: Redefining spanish shorthand "!
(babel)             in language  on input line 6.
Package babel Info: Redefining spanish shorthand "?
(babel)             in language  on input line 6.
[13 <./seccion9/graficos/G13-1.png>]

Package pst-pdf Warning: `main-pics.pdf' contains 5 pages 
(pst-pdf)                but 6 pages are requested: 
(pst-pdf)                File `main-pics.pdf' is no more valid! 
(pst-pdf)                Recreate it .

Package atveryend Info: Empty hook `BeforeClearDocument' on input line 7.
Package atveryend Info: Empty hook `AfterLastShipout' on input line 7.
(./main.aux
LaTeX Info: Redefining \. on input line 23.
LaTeX Info: Redefining \% on input line 23.
)
Package atveryend Info: Executing hook `AtVeryEndDocument' on input line 7.
Package atveryend Info: Executing hook `AtEndAfterFileList' on input line 7.
Package rerunfilecheck Info: File `main.out' has not changed.
(rerunfilecheck)             Checksum: 9DAB3E62F6FACA00FD5DA357FDBEA41C;504.


LaTeX Warning: Label(s) may have changed. Rerun to get cross-references right.

Package atveryend Info: Empty hook `AtVeryVeryEnd' on input line 7.
 ) 
Here is how much of TeX's memory you used:
 29991 strings out of 493014
 539462 string characters out of 6133351
 771721 words of memory out of 5000000
 32851 multiletter control sequences out of 15000+600000
 26360 words of font info for 88 fonts, out of 8000000 for 9000
 1141 hyphenation exceptions out of 8191
 59i,17n,69p,3256b,493s stack positions out of 5000i,500n,10000p,200000b,80000s
{/usr/local/texlive/2016/texmf-dist/fonts/enc/dvips/base/8r.enc}</usr/local/t
exlive/2016/texmf-dist/fonts/type1/public/amsfonts/cm/cmex10.pfb></usr/local/te
xlive/2016/texmf-dist/fonts/type1/public/amsfonts/cm/cmmi10.pfb></usr/local/tex
live/2016/texmf-dist/fonts/type1/public/amsfonts/cm/cmmi12.pfb></usr/local/texl
ive/2016/texmf-dist/fonts/type1/public/amsfonts/cm/cmmi5.pfb></usr/local/texliv
e/2016/texmf-dist/fonts/type1/public/amsfonts/cm/cmmi7.pfb></usr/local/texlive/
2016/texmf-dist/fonts/type1/public/amsfonts/cm/cmmi8.pfb></usr/local/texlive/20
16/texmf-dist/fonts/type1/public/amsfonts/cm/cmmi9.pfb></usr/local/texlive/2016
/texmf-dist/fonts/type1/public/amsfonts/cm/cmr10.pfb></usr/local/texlive/2016/t
exmf-dist/fonts/type1/public/amsfonts/cm/cmr12.pfb></usr/local/texlive/2016/tex
mf-dist/fonts/type1/public/amsfonts/cm/cmr5.pfb></usr/local/texlive/2016/texmf-
dist/fonts/type1/public/amsfonts/cm/cmr7.pfb></usr/local/texlive/2016/texmf-dis
t/fonts/type1/public/amsfonts/cm/cmr8.pfb></usr/local/texlive/2016/texmf-dist/f
onts/type1/public/amsfonts/cm/cmr9.pfb></usr/local/texlive/2016/texmf-dist/font
s/type1/public/amsfonts/cm/cmsy10.pfb></usr/local/texlive/2016/texmf-dist/fonts
/type1/public/amsfonts/cm/cmsy7.pfb></usr/local/texlive/2016/texmf-dist/fonts/t
ype1/public/amsfonts/cm/cmsy8.pfb></usr/local/texlive/2016/texmf-dist/fonts/typ
e1/public/amsfonts/cm/cmsy9.pfb></usr/local/texlive/2016/texmf-dist/fonts/type1
/urw/palatino/uplb8a.pfb></usr/local/texlive/2016/texmf-dist/fonts/type1/urw/pa
latino/uplr8a.pfb></usr/local/texlive/2016/texmf-dist/fonts/type1/urw/palatino/
uplri8a.pfb>
Output written on main.pdf (13 pages, 435883 bytes).
PDF statistics:
 386 PDF objects out of 1000 (max. 8388607)
 238 compressed objects within 3 object streams
 42 named destinations out of 1000 (max. 500000)
 122 words of extra memory for PDF output out of 10000 (max. 10000000)

